2022-06-15 00:17:26,415 INFO 26084 [egg-schedule]: register schedule D:\person\qiankun\server\node_modules\egg-multipart\app\schedule\clean_tmpdir.js
2022-06-15 00:17:26,415 INFO 26084 [egg-schedule]: register schedule D:\person\qiankun\server\node_modules\egg-logrotator\app\schedule\clean_log.js
2022-06-15 00:17:26,415 INFO 26084 [egg-schedule]: register schedule D:\person\qiankun\server\node_modules\egg-logrotator\app\schedule\rotate_by_file.js
2022-06-15 00:17:47,621 INFO 29576 [egg-schedule]: register schedule D:\person\qiankun\server\node_modules\egg-multipart\app\schedule\clean_tmpdir.js
2022-06-15 00:17:47,621 INFO 29576 [egg-schedule]: register schedule D:\person\qiankun\server\node_modules\egg-logrotator\app\schedule\clean_log.js
2022-06-15 00:17:47,623 INFO 29576 [egg-schedule]: register schedule D:\person\qiankun\server\node_modules\egg-logrotator\app\schedule\rotate_by_file.js
2022-06-15 00:18:19,845 INFO 25912 [egg-schedule]: register schedule D:\person\qiankun\server\node_modules\egg-multipart\app\schedule\clean_tmpdir.js
2022-06-15 00:18:19,846 INFO 25912 [egg-schedule]: register schedule D:\person\qiankun\server\node_modules\egg-logrotator\app\schedule\clean_log.js
2022-06-15 00:18:19,846 INFO 25912 [egg-schedule]: register schedule D:\person\qiankun\server\node_modules\egg-logrotator\app\schedule\rotate_by_file.js
2022-06-15 09:01:55,734 INFO 29312 [Timer] D:\person\qiankun\server\node_modules\egg-multipart\app\schedule\clean_tmpdir.js next time will execute after 70084271ms at 2022-06-16 04:30:00.005
2022-06-15 09:01:55,732 INFO 25912 [Job#1655254915728665518168871001] D:\person\qiankun\server\node_modules\egg-multipart\app\schedule\clean_tmpdir.js executing by app
2022-06-15 09:01:56,565 INFO 25912 [Job#1655254915728665518168871001] D:\person\qiankun\server\node_modules\egg-multipart\app\schedule\clean_tmpdir.js execute succeed, used 820ms. 
2022-06-15 09:58:21,686 INFO 18668 [Timer] D:\person\qiankun\server\node_modules\egg-multipart\app\schedule\clean_tmpdir.js next time will execute after 66698317ms at 2022-06-16 04:30:00.003
2022-06-15 09:58:21,687 INFO 18668 [Timer] D:\person\qiankun\server\node_modules\egg-logrotator\app\schedule\clean_log.js next time will execute after 50498314ms at 2022-06-16 00:00:00.001
2022-06-15 09:58:21,687 INFO 18668 [Timer] D:\person\qiankun\server\node_modules\egg-logrotator\app\schedule\rotate_by_file.js next time will execute after 50499313ms at 2022-06-16 00:00:01.000
2022-06-15 09:58:21,390 INFO 768 [egg-schedule]: register schedule D:\person\qiankun\server\node_modules\egg-multipart\app\schedule\clean_tmpdir.js
2022-06-15 09:58:21,390 INFO 768 [egg-schedule]: register schedule D:\person\qiankun\server\node_modules\egg-logrotator\app\schedule\clean_log.js
2022-06-15 09:58:21,390 INFO 768 [egg-schedule]: register schedule D:\person\qiankun\server\node_modules\egg-logrotator\app\schedule\rotate_by_file.js
2022-06-15 09:58:22,786 INFO 4768 [egg-schedule]: register schedule D:\person\qiankun\server\node_modules\egg-multipart\app\schedule\clean_tmpdir.js
2022-06-15 09:58:22,786 INFO 4768 [egg-schedule]: register schedule D:\person\qiankun\server\node_modules\egg-logrotator\app\schedule\clean_log.js
2022-06-15 09:58:22,786 INFO 4768 [egg-schedule]: register schedule D:\person\qiankun\server\node_modules\egg-logrotator\app\schedule\rotate_by_file.js
2022-06-15 10:29:20,945 INFO 16824 [egg-schedule]: register schedule D:\person\qiankun\server\node_modules\egg-multipart\app\schedule\clean_tmpdir.js
2022-06-15 10:29:20,945 INFO 16824 [egg-schedule]: register schedule D:\person\qiankun\server\node_modules\egg-logrotator\app\schedule\clean_log.js
2022-06-15 10:29:20,945 INFO 16824 [egg-schedule]: register schedule D:\person\qiankun\server\node_modules\egg-logrotator\app\schedule\rotate_by_file.js
2022-06-15 11:10:58,483 INFO 17028 [egg-schedule]: register schedule D:\person\qiankun\server\node_modules\egg-multipart\app\schedule\clean_tmpdir.js
2022-06-15 11:10:58,483 INFO 17028 [egg-schedule]: register schedule D:\person\qiankun\server\node_modules\egg-logrotator\app\schedule\clean_log.js
2022-06-15 11:10:58,483 INFO 17028 [egg-schedule]: register schedule D:\person\qiankun\server\node_modules\egg-logrotator\app\schedule\rotate_by_file.js
2022-06-15 11:14:58,810 INFO 9212 [egg-schedule]: register schedule D:\person\qiankun\server\node_modules\egg-multipart\app\schedule\clean_tmpdir.js
2022-06-15 11:14:58,810 INFO 9212 [egg-schedule]: register schedule D:\person\qiankun\server\node_modules\egg-logrotator\app\schedule\clean_log.js
2022-06-15 11:14:58,810 INFO 9212 [egg-schedule]: register schedule D:\person\qiankun\server\node_modules\egg-logrotator\app\schedule\rotate_by_file.js
2022-06-15 11:15:30,198 INFO 11844 [egg-schedule]: register schedule D:\person\qiankun\server\node_modules\egg-multipart\app\schedule\clean_tmpdir.js
2022-06-15 11:15:30,198 INFO 11844 [egg-schedule]: register schedule D:\person\qiankun\server\node_modules\egg-logrotator\app\schedule\clean_log.js
2022-06-15 11:15:30,199 INFO 11844 [egg-schedule]: register schedule D:\person\qiankun\server\node_modules\egg-logrotator\app\schedule\rotate_by_file.js
2022-06-15 11:15:49,636 INFO 21824 [egg-schedule]: register schedule D:\person\qiankun\server\node_modules\egg-multipart\app\schedule\clean_tmpdir.js
2022-06-15 11:15:49,636 INFO 21824 [egg-schedule]: register schedule D:\person\qiankun\server\node_modules\egg-logrotator\app\schedule\clean_log.js
2022-06-15 11:15:49,636 INFO 21824 [egg-schedule]: register schedule D:\person\qiankun\server\node_modules\egg-logrotator\app\schedule\rotate_by_file.js
2022-06-15 11:17:30,224 INFO 10156 [egg-schedule]: register schedule D:\person\qiankun\server\node_modules\egg-multipart\app\schedule\clean_tmpdir.js
2022-06-15 11:17:30,224 INFO 10156 [egg-schedule]: register schedule D:\person\qiankun\server\node_modules\egg-logrotator\app\schedule\clean_log.js
2022-06-15 11:17:30,224 INFO 10156 [egg-schedule]: register schedule D:\person\qiankun\server\node_modules\egg-logrotator\app\schedule\rotate_by_file.js
2022-06-15 11:18:06,930 INFO 3644 [egg-schedule]: register schedule D:\person\qiankun\server\node_modules\egg-multipart\app\schedule\clean_tmpdir.js
2022-06-15 11:18:06,930 INFO 3644 [egg-schedule]: register schedule D:\person\qiankun\server\node_modules\egg-logrotator\app\schedule\clean_log.js
2022-06-15 11:18:06,930 INFO 3644 [egg-schedule]: register schedule D:\person\qiankun\server\node_modules\egg-logrotator\app\schedule\rotate_by_file.js
2022-06-15 11:20:52,498 INFO 10196 [egg-schedule]: register schedule D:\person\qiankun\server\node_modules\egg-multipart\app\schedule\clean_tmpdir.js
2022-06-15 11:20:52,498 INFO 10196 [egg-schedule]: register schedule D:\person\qiankun\server\node_modules\egg-logrotator\app\schedule\clean_log.js
2022-06-15 11:20:52,498 INFO 10196 [egg-schedule]: register schedule D:\person\qiankun\server\node_modules\egg-logrotator\app\schedule\rotate_by_file.js
2022-06-15 11:22:40,531 INFO 22200 [egg-schedule]: register schedule D:\person\qiankun\server\node_modules\egg-multipart\app\schedule\clean_tmpdir.js
2022-06-15 11:22:40,531 INFO 22200 [egg-schedule]: register schedule D:\person\qiankun\server\node_modules\egg-logrotator\app\schedule\clean_log.js
2022-06-15 11:22:40,531 INFO 22200 [egg-schedule]: register schedule D:\person\qiankun\server\node_modules\egg-logrotator\app\schedule\rotate_by_file.js
2022-06-15 11:36:51,098 INFO 23304 [egg-schedule]: register schedule D:\person\qiankun\server\node_modules\egg-multipart\app\schedule\clean_tmpdir.js
2022-06-15 11:36:51,098 INFO 23304 [egg-schedule]: register schedule D:\person\qiankun\server\node_modules\egg-logrotator\app\schedule\clean_log.js
2022-06-15 11:36:51,098 INFO 23304 [egg-schedule]: register schedule D:\person\qiankun\server\node_modules\egg-logrotator\app\schedule\rotate_by_file.js
2022-06-15 11:37:22,212 INFO 3480 [egg-schedule]: register schedule D:\person\qiankun\server\node_modules\egg-multipart\app\schedule\clean_tmpdir.js
2022-06-15 11:37:22,212 INFO 3480 [egg-schedule]: register schedule D:\person\qiankun\server\node_modules\egg-logrotator\app\schedule\clean_log.js
2022-06-15 11:37:22,212 INFO 3480 [egg-schedule]: register schedule D:\person\qiankun\server\node_modules\egg-logrotator\app\schedule\rotate_by_file.js
2022-06-15 11:37:58,816 INFO 21676 [egg-schedule]: register schedule D:\person\qiankun\server\node_modules\egg-multipart\app\schedule\clean_tmpdir.js
2022-06-15 11:37:58,816 INFO 21676 [egg-schedule]: register schedule D:\person\qiankun\server\node_modules\egg-logrotator\app\schedule\clean_log.js
2022-06-15 11:37:58,817 INFO 21676 [egg-schedule]: register schedule D:\person\qiankun\server\node_modules\egg-logrotator\app\schedule\rotate_by_file.js
2022-06-15 11:38:09,294 INFO 14188 [egg-schedule]: register schedule D:\person\qiankun\server\node_modules\egg-multipart\app\schedule\clean_tmpdir.js
2022-06-15 11:38:09,294 INFO 14188 [egg-schedule]: register schedule D:\person\qiankun\server\node_modules\egg-logrotator\app\schedule\clean_log.js
2022-06-15 11:38:09,294 INFO 14188 [egg-schedule]: register schedule D:\person\qiankun\server\node_modules\egg-logrotator\app\schedule\rotate_by_file.js
2022-06-15 11:39:47,943 INFO 3604 [Timer] D:\person\qiankun\server\node_modules\egg-multipart\app\schedule\clean_tmpdir.js next time will execute after 60612062ms at 2022-06-16 04:30:00.005
2022-06-15 11:39:47,943 INFO 3604 [Timer] D:\person\qiankun\server\node_modules\egg-logrotator\app\schedule\clean_log.js next time will execute after 44412057ms at 2022-06-16 00:00:00.000
2022-06-15 11:39:47,944 INFO 3604 [Timer] D:\person\qiankun\server\node_modules\egg-logrotator\app\schedule\rotate_by_file.js next time will execute after 44413057ms at 2022-06-16 00:00:01.001
2022-06-15 11:39:47,689 INFO 15160 [egg-schedule]: register schedule D:\person\qiankun\server\node_modules\egg-multipart\app\schedule\clean_tmpdir.js
2022-06-15 11:39:47,689 INFO 15160 [egg-schedule]: register schedule D:\person\qiankun\server\node_modules\egg-logrotator\app\schedule\clean_log.js
2022-06-15 11:39:47,689 INFO 15160 [egg-schedule]: register schedule D:\person\qiankun\server\node_modules\egg-logrotator\app\schedule\rotate_by_file.js
2022-06-15 11:40:08,701 INFO 15792 [egg-schedule]: register schedule D:\person\qiankun\server\node_modules\egg-multipart\app\schedule\clean_tmpdir.js
2022-06-15 11:40:08,701 INFO 15792 [egg-schedule]: register schedule D:\person\qiankun\server\node_modules\egg-logrotator\app\schedule\clean_log.js
2022-06-15 11:40:08,701 INFO 15792 [egg-schedule]: register schedule D:\person\qiankun\server\node_modules\egg-logrotator\app\schedule\rotate_by_file.js
2022-06-15 11:40:18,934 INFO 23840 [egg-schedule]: register schedule D:\person\qiankun\server\node_modules\egg-multipart\app\schedule\clean_tmpdir.js
2022-06-15 11:40:18,934 INFO 23840 [egg-schedule]: register schedule D:\person\qiankun\server\node_modules\egg-logrotator\app\schedule\clean_log.js
2022-06-15 11:40:18,934 INFO 23840 [egg-schedule]: register schedule D:\person\qiankun\server\node_modules\egg-logrotator\app\schedule\rotate_by_file.js
2022-06-15 11:43:12,207 INFO 16124 [egg-schedule]: register schedule D:\person\qiankun\server\node_modules\egg-multipart\app\schedule\clean_tmpdir.js
2022-06-15 11:43:12,207 INFO 16124 [egg-schedule]: register schedule D:\person\qiankun\server\node_modules\egg-logrotator\app\schedule\clean_log.js
2022-06-15 11:43:12,207 INFO 16124 [egg-schedule]: register schedule D:\person\qiankun\server\node_modules\egg-logrotator\app\schedule\rotate_by_file.js
2022-06-15 11:43:50,520 INFO 24064 [egg-schedule]: register schedule D:\person\qiankun\server\node_modules\egg-multipart\app\schedule\clean_tmpdir.js
2022-06-15 11:43:50,520 INFO 24064 [egg-schedule]: register schedule D:\person\qiankun\server\node_modules\egg-logrotator\app\schedule\clean_log.js
2022-06-15 11:43:50,520 INFO 24064 [egg-schedule]: register schedule D:\person\qiankun\server\node_modules\egg-logrotator\app\schedule\rotate_by_file.js
2022-06-15 11:48:26,453 INFO 15880 [egg-schedule]: register schedule D:\person\qiankun\server\node_modules\egg-multipart\app\schedule\clean_tmpdir.js
2022-06-15 11:48:26,453 INFO 15880 [egg-schedule]: register schedule D:\person\qiankun\server\node_modules\egg-logrotator\app\schedule\clean_log.js
2022-06-15 11:48:26,453 INFO 15880 [egg-schedule]: register schedule D:\person\qiankun\server\node_modules\egg-logrotator\app\schedule\rotate_by_file.js
2022-06-15 11:48:47,663 INFO 4460 [egg-schedule]: register schedule D:\person\qiankun\server\node_modules\egg-multipart\app\schedule\clean_tmpdir.js
2022-06-15 11:48:47,663 INFO 4460 [egg-schedule]: register schedule D:\person\qiankun\server\node_modules\egg-logrotator\app\schedule\clean_log.js
2022-06-15 11:48:47,663 INFO 4460 [egg-schedule]: register schedule D:\person\qiankun\server\node_modules\egg-logrotator\app\schedule\rotate_by_file.js
2022-06-15 11:49:46,056 INFO 19088 [egg-schedule]: register schedule D:\person\qiankun\server\node_modules\egg-multipart\app\schedule\clean_tmpdir.js
2022-06-15 11:49:46,056 INFO 19088 [egg-schedule]: register schedule D:\person\qiankun\server\node_modules\egg-logrotator\app\schedule\clean_log.js
2022-06-15 11:49:46,056 INFO 19088 [egg-schedule]: register schedule D:\person\qiankun\server\node_modules\egg-logrotator\app\schedule\rotate_by_file.js
2022-06-15 11:51:33,521 INFO 21724 [egg-schedule]: register schedule D:\person\qiankun\server\node_modules\egg-multipart\app\schedule\clean_tmpdir.js
2022-06-15 11:51:33,521 INFO 21724 [egg-schedule]: register schedule D:\person\qiankun\server\node_modules\egg-logrotator\app\schedule\clean_log.js
2022-06-15 11:51:33,521 INFO 21724 [egg-schedule]: register schedule D:\person\qiankun\server\node_modules\egg-logrotator\app\schedule\rotate_by_file.js
2022-06-15 11:52:21,223 INFO 6348 [egg-schedule]: register schedule D:\person\qiankun\server\node_modules\egg-multipart\app\schedule\clean_tmpdir.js
2022-06-15 11:52:21,223 INFO 6348 [egg-schedule]: register schedule D:\person\qiankun\server\node_modules\egg-logrotator\app\schedule\clean_log.js
2022-06-15 11:52:21,223 INFO 6348 [egg-schedule]: register schedule D:\person\qiankun\server\node_modules\egg-logrotator\app\schedule\rotate_by_file.js
2022-06-15 11:55:19,069 INFO 16164 [egg-schedule]: register schedule D:\person\qiankun\server\node_modules\egg-multipart\app\schedule\clean_tmpdir.js
2022-06-15 11:55:19,069 INFO 16164 [egg-schedule]: register schedule D:\person\qiankun\server\node_modules\egg-logrotator\app\schedule\clean_log.js
2022-06-15 11:55:19,070 INFO 16164 [egg-schedule]: register schedule D:\person\qiankun\server\node_modules\egg-logrotator\app\schedule\rotate_by_file.js
2022-06-15 11:56:08,282 INFO 4296 [egg-schedule]: register schedule D:\person\qiankun\server\node_modules\egg-multipart\app\schedule\clean_tmpdir.js
2022-06-15 11:56:08,282 INFO 4296 [egg-schedule]: register schedule D:\person\qiankun\server\node_modules\egg-logrotator\app\schedule\clean_log.js
2022-06-15 11:56:08,283 INFO 4296 [egg-schedule]: register schedule D:\person\qiankun\server\node_modules\egg-logrotator\app\schedule\rotate_by_file.js
2022-06-15 11:56:14,355 INFO 22848 [egg-schedule]: register schedule D:\person\qiankun\server\node_modules\egg-multipart\app\schedule\clean_tmpdir.js
2022-06-15 11:56:14,355 INFO 22848 [egg-schedule]: register schedule D:\person\qiankun\server\node_modules\egg-logrotator\app\schedule\clean_log.js
2022-06-15 11:56:14,356 INFO 22848 [egg-schedule]: register schedule D:\person\qiankun\server\node_modules\egg-logrotator\app\schedule\rotate_by_file.js
2022-06-15 11:56:23,556 INFO 2196 [egg-schedule]: register schedule D:\person\qiankun\server\node_modules\egg-multipart\app\schedule\clean_tmpdir.js
2022-06-15 11:56:23,556 INFO 2196 [egg-schedule]: register schedule D:\person\qiankun\server\node_modules\egg-logrotator\app\schedule\clean_log.js
2022-06-15 11:56:23,556 INFO 2196 [egg-schedule]: register schedule D:\person\qiankun\server\node_modules\egg-logrotator\app\schedule\rotate_by_file.js
2022-06-15 11:57:24,645 INFO 22688 [egg-schedule]: register schedule D:\person\qiankun\server\node_modules\egg-multipart\app\schedule\clean_tmpdir.js
2022-06-15 11:57:24,645 INFO 22688 [egg-schedule]: register schedule D:\person\qiankun\server\node_modules\egg-logrotator\app\schedule\clean_log.js
2022-06-15 11:57:24,646 INFO 22688 [egg-schedule]: register schedule D:\person\qiankun\server\node_modules\egg-logrotator\app\schedule\rotate_by_file.js
2022-06-15 11:57:30,816 INFO 17388 [egg-schedule]: register schedule D:\person\qiankun\server\node_modules\egg-multipart\app\schedule\clean_tmpdir.js
2022-06-15 11:57:30,816 INFO 17388 [egg-schedule]: register schedule D:\person\qiankun\server\node_modules\egg-logrotator\app\schedule\clean_log.js
2022-06-15 11:57:30,816 INFO 17388 [egg-schedule]: register schedule D:\person\qiankun\server\node_modules\egg-logrotator\app\schedule\rotate_by_file.js
2022-06-15 13:43:24,223 INFO 5288 [egg-schedule]: register schedule D:\person\qiankun\server\node_modules\egg-multipart\app\schedule\clean_tmpdir.js
2022-06-15 13:43:24,223 INFO 5288 [egg-schedule]: register schedule D:\person\qiankun\server\node_modules\egg-logrotator\app\schedule\clean_log.js
2022-06-15 13:43:24,223 INFO 5288 [egg-schedule]: register schedule D:\person\qiankun\server\node_modules\egg-logrotator\app\schedule\rotate_by_file.js
2022-06-15 13:43:25,756 INFO 22552 [egg-schedule]: register schedule D:\person\qiankun\server\node_modules\egg-multipart\app\schedule\clean_tmpdir.js
2022-06-15 13:43:25,756 INFO 22552 [egg-schedule]: register schedule D:\person\qiankun\server\node_modules\egg-logrotator\app\schedule\clean_log.js
2022-06-15 13:43:25,757 INFO 22552 [egg-schedule]: register schedule D:\person\qiankun\server\node_modules\egg-logrotator\app\schedule\rotate_by_file.js
2022-06-15 13:43:43,936 INFO 24228 [egg-schedule]: register schedule D:\person\qiankun\server\node_modules\egg-multipart\app\schedule\clean_tmpdir.js
2022-06-15 13:43:43,936 INFO 24228 [egg-schedule]: register schedule D:\person\qiankun\server\node_modules\egg-logrotator\app\schedule\clean_log.js
2022-06-15 13:43:43,936 INFO 24228 [egg-schedule]: register schedule D:\person\qiankun\server\node_modules\egg-logrotator\app\schedule\rotate_by_file.js
2022-06-15 13:44:11,044 INFO 19356 [egg-schedule]: register schedule D:\person\qiankun\server\node_modules\egg-multipart\app\schedule\clean_tmpdir.js
2022-06-15 13:44:11,044 INFO 19356 [egg-schedule]: register schedule D:\person\qiankun\server\node_modules\egg-logrotator\app\schedule\clean_log.js
2022-06-15 13:44:11,045 INFO 19356 [egg-schedule]: register schedule D:\person\qiankun\server\node_modules\egg-logrotator\app\schedule\rotate_by_file.js
2022-06-15 13:44:20,771 INFO 17284 [egg-schedule]: register schedule D:\person\qiankun\server\node_modules\egg-multipart\app\schedule\clean_tmpdir.js
2022-06-15 13:44:20,771 INFO 17284 [egg-schedule]: register schedule D:\person\qiankun\server\node_modules\egg-logrotator\app\schedule\clean_log.js
2022-06-15 13:44:20,772 INFO 17284 [egg-schedule]: register schedule D:\person\qiankun\server\node_modules\egg-logrotator\app\schedule\rotate_by_file.js
2022-06-15 13:49:17,339 INFO 24052 [egg-schedule]: register schedule D:\person\qiankun\server\node_modules\egg-multipart\app\schedule\clean_tmpdir.js
2022-06-15 13:49:17,339 INFO 24052 [egg-schedule]: register schedule D:\person\qiankun\server\node_modules\egg-logrotator\app\schedule\clean_log.js
2022-06-15 13:49:17,339 INFO 24052 [egg-schedule]: register schedule D:\person\qiankun\server\node_modules\egg-logrotator\app\schedule\rotate_by_file.js
2022-06-15 13:51:35,519 INFO 2344 [egg-schedule]: register schedule D:\person\qiankun\server\node_modules\egg-multipart\app\schedule\clean_tmpdir.js
2022-06-15 13:51:35,520 INFO 2344 [egg-schedule]: register schedule D:\person\qiankun\server\node_modules\egg-logrotator\app\schedule\clean_log.js
2022-06-15 13:51:35,520 INFO 2344 [egg-schedule]: register schedule D:\person\qiankun\server\node_modules\egg-logrotator\app\schedule\rotate_by_file.js
2022-06-15 13:53:26,009 INFO 1364 [egg-schedule]: register schedule D:\person\qiankun\server\node_modules\egg-multipart\app\schedule\clean_tmpdir.js
2022-06-15 13:53:26,009 INFO 1364 [egg-schedule]: register schedule D:\person\qiankun\server\node_modules\egg-logrotator\app\schedule\clean_log.js
2022-06-15 13:53:26,009 INFO 1364 [egg-schedule]: register schedule D:\person\qiankun\server\node_modules\egg-logrotator\app\schedule\rotate_by_file.js
2022-06-15 13:57:48,891 INFO 26248 [Timer] D:\person\qiankun\server\node_modules\egg-multipart\app\schedule\clean_tmpdir.js next time will execute after 52331113ms at 2022-06-16 04:30:00.004
2022-06-15 13:57:48,891 INFO 26248 [Timer] D:\person\qiankun\server\node_modules\egg-logrotator\app\schedule\clean_log.js next time will execute after 36131109ms at 2022-06-16 00:00:00.000
2022-06-15 13:57:48,892 INFO 26248 [Timer] D:\person\qiankun\server\node_modules\egg-logrotator\app\schedule\rotate_by_file.js next time will execute after 36132109ms at 2022-06-16 00:00:01.001
2022-06-15 13:57:48,668 INFO 24652 [egg-schedule]: register schedule D:\person\qiankun\server\node_modules\egg-multipart\app\schedule\clean_tmpdir.js
2022-06-15 13:57:48,668 INFO 24652 [egg-schedule]: register schedule D:\person\qiankun\server\node_modules\egg-logrotator\app\schedule\clean_log.js
2022-06-15 13:57:48,668 INFO 24652 [egg-schedule]: register schedule D:\person\qiankun\server\node_modules\egg-logrotator\app\schedule\rotate_by_file.js
2022-06-15 13:58:57,589 INFO 23676 [egg-schedule]: register schedule D:\person\qiankun\server\node_modules\egg-multipart\app\schedule\clean_tmpdir.js
2022-06-15 13:58:57,589 INFO 23676 [egg-schedule]: register schedule D:\person\qiankun\server\node_modules\egg-logrotator\app\schedule\clean_log.js
2022-06-15 13:58:57,589 INFO 23676 [egg-schedule]: register schedule D:\person\qiankun\server\node_modules\egg-logrotator\app\schedule\rotate_by_file.js
2022-06-15 13:59:45,819 INFO 23192 [egg-schedule]: register schedule D:\person\qiankun\server\node_modules\egg-multipart\app\schedule\clean_tmpdir.js
2022-06-15 13:59:45,819 INFO 23192 [egg-schedule]: register schedule D:\person\qiankun\server\node_modules\egg-logrotator\app\schedule\clean_log.js
2022-06-15 13:59:45,819 INFO 23192 [egg-schedule]: register schedule D:\person\qiankun\server\node_modules\egg-logrotator\app\schedule\rotate_by_file.js
2022-06-15 14:00:18,997 INFO 23776 [egg-schedule]: register schedule D:\person\qiankun\server\node_modules\egg-multipart\app\schedule\clean_tmpdir.js
2022-06-15 14:00:18,997 INFO 23776 [egg-schedule]: register schedule D:\person\qiankun\server\node_modules\egg-logrotator\app\schedule\clean_log.js
2022-06-15 14:00:18,998 INFO 23776 [egg-schedule]: register schedule D:\person\qiankun\server\node_modules\egg-logrotator\app\schedule\rotate_by_file.js
2022-06-15 14:43:32,764 INFO 16724 [egg-schedule]: register schedule D:\person\qiankun\server\node_modules\egg-multipart\app\schedule\clean_tmpdir.js
2022-06-15 14:43:32,764 INFO 16724 [egg-schedule]: register schedule D:\person\qiankun\server\node_modules\egg-logrotator\app\schedule\clean_log.js
2022-06-15 14:43:32,765 INFO 16724 [egg-schedule]: register schedule D:\person\qiankun\server\node_modules\egg-logrotator\app\schedule\rotate_by_file.js
2022-06-15 14:43:34,415 INFO 1860 [egg-schedule]: register schedule D:\person\qiankun\server\node_modules\egg-multipart\app\schedule\clean_tmpdir.js
2022-06-15 14:43:34,415 INFO 1860 [egg-schedule]: register schedule D:\person\qiankun\server\node_modules\egg-logrotator\app\schedule\clean_log.js
2022-06-15 14:43:34,415 INFO 1860 [egg-schedule]: register schedule D:\person\qiankun\server\node_modules\egg-logrotator\app\schedule\rotate_by_file.js
2022-06-15 15:14:54,814 INFO 1720 [egg-schedule]: register schedule D:\person\qiankun\server\node_modules\egg-multipart\app\schedule\clean_tmpdir.js
2022-06-15 15:14:54,814 INFO 1720 [egg-schedule]: register schedule D:\person\qiankun\server\node_modules\egg-logrotator\app\schedule\clean_log.js
2022-06-15 15:14:54,814 INFO 1720 [egg-schedule]: register schedule D:\person\qiankun\server\node_modules\egg-logrotator\app\schedule\rotate_by_file.js
2022-06-15 15:17:00,982 INFO 22984 [egg-schedule]: register schedule D:\person\qiankun\server\node_modules\egg-multipart\app\schedule\clean_tmpdir.js
2022-06-15 15:17:00,982 INFO 22984 [egg-schedule]: register schedule D:\person\qiankun\server\node_modules\egg-logrotator\app\schedule\clean_log.js
2022-06-15 15:17:00,982 INFO 22984 [egg-schedule]: register schedule D:\person\qiankun\server\node_modules\egg-logrotator\app\schedule\rotate_by_file.js
2022-06-15 15:17:23,018 INFO 21824 [egg-schedule]: register schedule D:\person\qiankun\server\node_modules\egg-multipart\app\schedule\clean_tmpdir.js
2022-06-15 15:17:23,018 INFO 21824 [egg-schedule]: register schedule D:\person\qiankun\server\node_modules\egg-logrotator\app\schedule\clean_log.js
2022-06-15 15:17:23,018 INFO 21824 [egg-schedule]: register schedule D:\person\qiankun\server\node_modules\egg-logrotator\app\schedule\rotate_by_file.js
2022-06-15 15:17:25,832 INFO 5684 [egg-schedule]: register schedule D:\person\qiankun\server\node_modules\egg-multipart\app\schedule\clean_tmpdir.js
2022-06-15 15:17:25,832 INFO 5684 [egg-schedule]: register schedule D:\person\qiankun\server\node_modules\egg-logrotator\app\schedule\clean_log.js
2022-06-15 15:17:25,832 INFO 5684 [egg-schedule]: register schedule D:\person\qiankun\server\node_modules\egg-logrotator\app\schedule\rotate_by_file.js
2022-06-15 15:25:15,439 INFO 3220 [Timer] D:\person\qiankun\server\node_modules\egg-multipart\app\schedule\clean_tmpdir.js next time will execute after 47084565ms at 2022-06-16 04:30:00.004
2022-06-15 15:25:15,439 INFO 3220 [Timer] D:\person\qiankun\server\node_modules\egg-logrotator\app\schedule\clean_log.js next time will execute after 30884561ms at 2022-06-16 00:00:00.000
2022-06-15 15:25:15,440 INFO 3220 [Timer] D:\person\qiankun\server\node_modules\egg-logrotator\app\schedule\rotate_by_file.js next time will execute after 30885561ms at 2022-06-16 00:00:01.000
2022-06-15 15:25:15,204 INFO 16352 [egg-schedule]: register schedule D:\person\qiankun\server\node_modules\egg-multipart\app\schedule\clean_tmpdir.js
2022-06-15 15:25:15,204 INFO 16352 [egg-schedule]: register schedule D:\person\qiankun\server\node_modules\egg-logrotator\app\schedule\clean_log.js
2022-06-15 15:25:15,204 INFO 16352 [egg-schedule]: register schedule D:\person\qiankun\server\node_modules\egg-logrotator\app\schedule\rotate_by_file.js
2022-06-15 15:25:34,344 INFO 16148 [egg-schedule]: register schedule D:\person\qiankun\server\node_modules\egg-multipart\app\schedule\clean_tmpdir.js
2022-06-15 15:25:34,344 INFO 16148 [egg-schedule]: register schedule D:\person\qiankun\server\node_modules\egg-logrotator\app\schedule\clean_log.js
2022-06-15 15:25:34,344 INFO 16148 [egg-schedule]: register schedule D:\person\qiankun\server\node_modules\egg-logrotator\app\schedule\rotate_by_file.js
2022-06-15 15:25:43,705 INFO 18392 [egg-schedule]: register schedule D:\person\qiankun\server\node_modules\egg-multipart\app\schedule\clean_tmpdir.js
2022-06-15 15:25:43,706 INFO 18392 [egg-schedule]: register schedule D:\person\qiankun\server\node_modules\egg-logrotator\app\schedule\clean_log.js
2022-06-15 15:25:43,706 INFO 18392 [egg-schedule]: register schedule D:\person\qiankun\server\node_modules\egg-logrotator\app\schedule\rotate_by_file.js
2022-06-15 15:25:48,756 INFO 14188 [egg-schedule]: register schedule D:\person\qiankun\server\node_modules\egg-multipart\app\schedule\clean_tmpdir.js
2022-06-15 15:25:48,756 INFO 14188 [egg-schedule]: register schedule D:\person\qiankun\server\node_modules\egg-logrotator\app\schedule\clean_log.js
2022-06-15 15:25:48,756 INFO 14188 [egg-schedule]: register schedule D:\person\qiankun\server\node_modules\egg-logrotator\app\schedule\rotate_by_file.js
2022-06-15 15:26:29,574 INFO 16712 [egg-schedule]: register schedule D:\person\qiankun\server\node_modules\egg-multipart\app\schedule\clean_tmpdir.js
2022-06-15 15:26:29,574 INFO 16712 [egg-schedule]: register schedule D:\person\qiankun\server\node_modules\egg-logrotator\app\schedule\clean_log.js
2022-06-15 15:26:29,575 INFO 16712 [egg-schedule]: register schedule D:\person\qiankun\server\node_modules\egg-logrotator\app\schedule\rotate_by_file.js
2022-06-15 15:26:58,963 INFO 6148 [egg-schedule]: register schedule D:\person\qiankun\server\node_modules\egg-multipart\app\schedule\clean_tmpdir.js
2022-06-15 15:26:58,963 INFO 6148 [egg-schedule]: register schedule D:\person\qiankun\server\node_modules\egg-logrotator\app\schedule\clean_log.js
2022-06-15 15:26:58,964 INFO 6148 [egg-schedule]: register schedule D:\person\qiankun\server\node_modules\egg-logrotator\app\schedule\rotate_by_file.js
2022-06-15 15:35:33,642 INFO 20960 [egg-schedule]: register schedule D:\person\qiankun\server\node_modules\egg-multipart\app\schedule\clean_tmpdir.js
2022-06-15 15:35:33,642 INFO 20960 [egg-schedule]: register schedule D:\person\qiankun\server\node_modules\egg-logrotator\app\schedule\clean_log.js
2022-06-15 15:35:33,642 INFO 20960 [egg-schedule]: register schedule D:\person\qiankun\server\node_modules\egg-logrotator\app\schedule\rotate_by_file.js
2022-06-15 15:36:43,429 INFO 26352 [egg-schedule]: register schedule D:\person\qiankun\server\node_modules\egg-multipart\app\schedule\clean_tmpdir.js
2022-06-15 15:36:43,430 INFO 26352 [egg-schedule]: register schedule D:\person\qiankun\server\node_modules\egg-logrotator\app\schedule\clean_log.js
2022-06-15 15:36:43,430 INFO 26352 [egg-schedule]: register schedule D:\person\qiankun\server\node_modules\egg-logrotator\app\schedule\rotate_by_file.js
2022-06-15 15:37:08,130 INFO 23676 [egg-schedule]: register schedule D:\person\qiankun\server\node_modules\egg-multipart\app\schedule\clean_tmpdir.js
2022-06-15 15:37:08,130 INFO 23676 [egg-schedule]: register schedule D:\person\qiankun\server\node_modules\egg-logrotator\app\schedule\clean_log.js
2022-06-15 15:37:08,130 INFO 23676 [egg-schedule]: register schedule D:\person\qiankun\server\node_modules\egg-logrotator\app\schedule\rotate_by_file.js
2022-06-15 15:37:11,323 INFO 17032 [egg-schedule]: register schedule D:\person\qiankun\server\node_modules\egg-multipart\app\schedule\clean_tmpdir.js
2022-06-15 15:37:11,323 INFO 17032 [egg-schedule]: register schedule D:\person\qiankun\server\node_modules\egg-logrotator\app\schedule\clean_log.js
2022-06-15 15:37:11,323 INFO 17032 [egg-schedule]: register schedule D:\person\qiankun\server\node_modules\egg-logrotator\app\schedule\rotate_by_file.js
2022-06-15 15:42:33,627 INFO 26192 [egg-schedule]: register schedule D:\person\qiankun\server\node_modules\egg-multipart\app\schedule\clean_tmpdir.js
2022-06-15 15:42:33,627 INFO 26192 [egg-schedule]: register schedule D:\person\qiankun\server\node_modules\egg-logrotator\app\schedule\clean_log.js
2022-06-15 15:42:33,627 INFO 26192 [egg-schedule]: register schedule D:\person\qiankun\server\node_modules\egg-logrotator\app\schedule\rotate_by_file.js
2022-06-15 15:43:38,243 INFO 26528 [egg-schedule]: register schedule D:\person\qiankun\server\node_modules\egg-multipart\app\schedule\clean_tmpdir.js
2022-06-15 15:43:38,243 INFO 26528 [egg-schedule]: register schedule D:\person\qiankun\server\node_modules\egg-logrotator\app\schedule\clean_log.js
2022-06-15 15:43:38,243 INFO 26528 [egg-schedule]: register schedule D:\person\qiankun\server\node_modules\egg-logrotator\app\schedule\rotate_by_file.js
2022-06-15 15:43:39,755 INFO 20676 [egg-schedule]: register schedule D:\person\qiankun\server\node_modules\egg-multipart\app\schedule\clean_tmpdir.js
2022-06-15 15:43:39,755 INFO 20676 [egg-schedule]: register schedule D:\person\qiankun\server\node_modules\egg-logrotator\app\schedule\clean_log.js
2022-06-15 15:43:39,756 INFO 20676 [egg-schedule]: register schedule D:\person\qiankun\server\node_modules\egg-logrotator\app\schedule\rotate_by_file.js
2022-06-15 15:43:43,452 INFO 15104 [egg-schedule]: register schedule D:\person\qiankun\server\node_modules\egg-multipart\app\schedule\clean_tmpdir.js
2022-06-15 15:43:43,452 INFO 15104 [egg-schedule]: register schedule D:\person\qiankun\server\node_modules\egg-logrotator\app\schedule\clean_log.js
2022-06-15 15:43:43,452 INFO 15104 [egg-schedule]: register schedule D:\person\qiankun\server\node_modules\egg-logrotator\app\schedule\rotate_by_file.js
2022-06-15 15:44:11,347 INFO 4772 [egg-schedule]: register schedule D:\person\qiankun\server\node_modules\egg-multipart\app\schedule\clean_tmpdir.js
2022-06-15 15:44:11,347 INFO 4772 [egg-schedule]: register schedule D:\person\qiankun\server\node_modules\egg-logrotator\app\schedule\clean_log.js
2022-06-15 15:44:11,348 INFO 4772 [egg-schedule]: register schedule D:\person\qiankun\server\node_modules\egg-logrotator\app\schedule\rotate_by_file.js
2022-06-15 15:44:15,499 INFO 8220 [egg-schedule]: register schedule D:\person\qiankun\server\node_modules\egg-multipart\app\schedule\clean_tmpdir.js
2022-06-15 15:44:15,499 INFO 8220 [egg-schedule]: register schedule D:\person\qiankun\server\node_modules\egg-logrotator\app\schedule\clean_log.js
2022-06-15 15:44:15,499 INFO 8220 [egg-schedule]: register schedule D:\person\qiankun\server\node_modules\egg-logrotator\app\schedule\rotate_by_file.js
2022-06-15 15:44:37,317 INFO 23316 [egg-schedule]: register schedule D:\person\qiankun\server\node_modules\egg-multipart\app\schedule\clean_tmpdir.js
2022-06-15 15:44:37,317 INFO 23316 [egg-schedule]: register schedule D:\person\qiankun\server\node_modules\egg-logrotator\app\schedule\clean_log.js
2022-06-15 15:44:37,317 INFO 23316 [egg-schedule]: register schedule D:\person\qiankun\server\node_modules\egg-logrotator\app\schedule\rotate_by_file.js
2022-06-15 15:44:49,712 INFO 6252 [egg-schedule]: register schedule D:\person\qiankun\server\node_modules\egg-multipart\app\schedule\clean_tmpdir.js
2022-06-15 15:44:49,712 INFO 6252 [egg-schedule]: register schedule D:\person\qiankun\server\node_modules\egg-logrotator\app\schedule\clean_log.js
2022-06-15 15:44:49,712 INFO 6252 [egg-schedule]: register schedule D:\person\qiankun\server\node_modules\egg-logrotator\app\schedule\rotate_by_file.js
2022-06-15 15:47:54,509 INFO 9376 [egg-schedule]: register schedule D:\person\qiankun\server\node_modules\egg-multipart\app\schedule\clean_tmpdir.js
2022-06-15 15:47:54,509 INFO 9376 [egg-schedule]: register schedule D:\person\qiankun\server\node_modules\egg-logrotator\app\schedule\clean_log.js
2022-06-15 15:47:54,509 INFO 9376 [egg-schedule]: register schedule D:\person\qiankun\server\node_modules\egg-logrotator\app\schedule\rotate_by_file.js
2022-06-15 15:48:03,822 INFO 24700 [egg-schedule]: register schedule D:\person\qiankun\server\node_modules\egg-multipart\app\schedule\clean_tmpdir.js
2022-06-15 15:48:03,822 INFO 24700 [egg-schedule]: register schedule D:\person\qiankun\server\node_modules\egg-logrotator\app\schedule\clean_log.js
2022-06-15 15:48:03,822 INFO 24700 [egg-schedule]: register schedule D:\person\qiankun\server\node_modules\egg-logrotator\app\schedule\rotate_by_file.js
2022-06-15 16:15:28,483 INFO 15004 [egg-schedule]: register schedule D:\person\qiankun\server\node_modules\egg-multipart\app\schedule\clean_tmpdir.js
2022-06-15 16:15:28,483 INFO 15004 [egg-schedule]: register schedule D:\person\qiankun\server\node_modules\egg-logrotator\app\schedule\clean_log.js
2022-06-15 16:15:28,483 INFO 15004 [egg-schedule]: register schedule D:\person\qiankun\server\node_modules\egg-logrotator\app\schedule\rotate_by_file.js
2022-06-15 16:15:29,930 INFO 26384 [egg-schedule]: register schedule D:\person\qiankun\server\node_modules\egg-multipart\app\schedule\clean_tmpdir.js
2022-06-15 16:15:29,930 INFO 26384 [egg-schedule]: register schedule D:\person\qiankun\server\node_modules\egg-logrotator\app\schedule\clean_log.js
2022-06-15 16:15:29,930 INFO 26384 [egg-schedule]: register schedule D:\person\qiankun\server\node_modules\egg-logrotator\app\schedule\rotate_by_file.js
2022-06-15 16:18:04,771 INFO 5000 [egg-schedule]: register schedule D:\person\qiankun\server\node_modules\egg-multipart\app\schedule\clean_tmpdir.js
2022-06-15 16:18:04,771 INFO 5000 [egg-schedule]: register schedule D:\person\qiankun\server\node_modules\egg-logrotator\app\schedule\clean_log.js
2022-06-15 16:18:04,772 INFO 5000 [egg-schedule]: register schedule D:\person\qiankun\server\node_modules\egg-logrotator\app\schedule\rotate_by_file.js
2022-06-15 16:18:44,826 INFO 22984 [egg-schedule]: register schedule D:\person\qiankun\server\node_modules\egg-multipart\app\schedule\clean_tmpdir.js
2022-06-15 16:18:44,826 INFO 22984 [egg-schedule]: register schedule D:\person\qiankun\server\node_modules\egg-logrotator\app\schedule\clean_log.js
2022-06-15 16:18:44,826 INFO 22984 [egg-schedule]: register schedule D:\person\qiankun\server\node_modules\egg-logrotator\app\schedule\rotate_by_file.js
2022-06-15 16:19:09,239 INFO 16540 [egg-schedule]: register schedule D:\person\qiankun\server\node_modules\egg-multipart\app\schedule\clean_tmpdir.js
2022-06-15 16:19:09,239 INFO 16540 [egg-schedule]: register schedule D:\person\qiankun\server\node_modules\egg-logrotator\app\schedule\clean_log.js
2022-06-15 16:19:09,240 INFO 16540 [egg-schedule]: register schedule D:\person\qiankun\server\node_modules\egg-logrotator\app\schedule\rotate_by_file.js
2022-06-15 16:19:48,060 INFO 23984 [egg-schedule]: register schedule D:\person\qiankun\server\node_modules\egg-multipart\app\schedule\clean_tmpdir.js
2022-06-15 16:19:48,060 INFO 23984 [egg-schedule]: register schedule D:\person\qiankun\server\node_modules\egg-logrotator\app\schedule\clean_log.js
2022-06-15 16:19:48,060 INFO 23984 [egg-schedule]: register schedule D:\person\qiankun\server\node_modules\egg-logrotator\app\schedule\rotate_by_file.js
2022-06-15 16:19:55,598 INFO 22808 [egg-schedule]: register schedule D:\person\qiankun\server\node_modules\egg-multipart\app\schedule\clean_tmpdir.js
2022-06-15 16:19:55,598 INFO 22808 [egg-schedule]: register schedule D:\person\qiankun\server\node_modules\egg-logrotator\app\schedule\clean_log.js
2022-06-15 16:19:55,598 INFO 22808 [egg-schedule]: register schedule D:\person\qiankun\server\node_modules\egg-logrotator\app\schedule\rotate_by_file.js
2022-06-15 16:20:31,480 INFO 26352 [egg-schedule]: register schedule D:\person\qiankun\server\node_modules\egg-multipart\app\schedule\clean_tmpdir.js
2022-06-15 16:20:31,480 INFO 26352 [egg-schedule]: register schedule D:\person\qiankun\server\node_modules\egg-logrotator\app\schedule\clean_log.js
2022-06-15 16:20:31,480 INFO 26352 [egg-schedule]: register schedule D:\person\qiankun\server\node_modules\egg-logrotator\app\schedule\rotate_by_file.js
2022-06-15 16:24:04,312 INFO 6316 [egg-schedule]: register schedule D:\person\qiankun\server\node_modules\egg-multipart\app\schedule\clean_tmpdir.js
2022-06-15 16:24:04,312 INFO 6316 [egg-schedule]: register schedule D:\person\qiankun\server\node_modules\egg-logrotator\app\schedule\clean_log.js
2022-06-15 16:24:04,312 INFO 6316 [egg-schedule]: register schedule D:\person\qiankun\server\node_modules\egg-logrotator\app\schedule\rotate_by_file.js
2022-06-15 16:24:17,585 INFO 3324 [egg-schedule]: register schedule D:\person\qiankun\server\node_modules\egg-multipart\app\schedule\clean_tmpdir.js
2022-06-15 16:24:17,585 INFO 3324 [egg-schedule]: register schedule D:\person\qiankun\server\node_modules\egg-logrotator\app\schedule\clean_log.js
2022-06-15 16:24:17,585 INFO 3324 [egg-schedule]: register schedule D:\person\qiankun\server\node_modules\egg-logrotator\app\schedule\rotate_by_file.js
2022-06-15 16:25:11,101 INFO 11540 [egg-schedule]: register schedule D:\person\qiankun\server\node_modules\egg-multipart\app\schedule\clean_tmpdir.js
2022-06-15 16:25:11,101 INFO 11540 [egg-schedule]: register schedule D:\person\qiankun\server\node_modules\egg-logrotator\app\schedule\clean_log.js
2022-06-15 16:25:11,101 INFO 11540 [egg-schedule]: register schedule D:\person\qiankun\server\node_modules\egg-logrotator\app\schedule\rotate_by_file.js
2022-06-15 16:28:37,543 INFO 26116 [egg-schedule]: register schedule D:\person\qiankun\server\node_modules\egg-multipart\app\schedule\clean_tmpdir.js
2022-06-15 16:28:37,543 INFO 26116 [egg-schedule]: register schedule D:\person\qiankun\server\node_modules\egg-logrotator\app\schedule\clean_log.js
2022-06-15 16:28:37,543 INFO 26116 [egg-schedule]: register schedule D:\person\qiankun\server\node_modules\egg-logrotator\app\schedule\rotate_by_file.js
2022-06-15 16:28:39,062 INFO 26288 [egg-schedule]: register schedule D:\person\qiankun\server\node_modules\egg-multipart\app\schedule\clean_tmpdir.js
2022-06-15 16:28:39,063 INFO 26288 [egg-schedule]: register schedule D:\person\qiankun\server\node_modules\egg-logrotator\app\schedule\clean_log.js
2022-06-15 16:28:39,063 INFO 26288 [egg-schedule]: register schedule D:\person\qiankun\server\node_modules\egg-logrotator\app\schedule\rotate_by_file.js
2022-06-15 16:30:21,000 INFO 11904 [egg-schedule]: register schedule D:\person\qiankun\server\node_modules\egg-multipart\app\schedule\clean_tmpdir.js
2022-06-15 16:30:21,000 INFO 11904 [egg-schedule]: register schedule D:\person\qiankun\server\node_modules\egg-logrotator\app\schedule\clean_log.js
2022-06-15 16:30:21,000 INFO 11904 [egg-schedule]: register schedule D:\person\qiankun\server\node_modules\egg-logrotator\app\schedule\rotate_by_file.js
2022-06-15 16:33:02,106 INFO 12692 [egg-schedule]: register schedule D:\person\qiankun\server\node_modules\egg-multipart\app\schedule\clean_tmpdir.js
2022-06-15 16:33:02,106 INFO 12692 [egg-schedule]: register schedule D:\person\qiankun\server\node_modules\egg-logrotator\app\schedule\clean_log.js
2022-06-15 16:33:02,106 INFO 12692 [egg-schedule]: register schedule D:\person\qiankun\server\node_modules\egg-logrotator\app\schedule\rotate_by_file.js
2022-06-15 16:34:51,628 INFO 15892 [egg-schedule]: register schedule D:\person\qiankun\server\node_modules\egg-multipart\app\schedule\clean_tmpdir.js
2022-06-15 16:34:51,628 INFO 15892 [egg-schedule]: register schedule D:\person\qiankun\server\node_modules\egg-logrotator\app\schedule\clean_log.js
2022-06-15 16:34:51,628 INFO 15892 [egg-schedule]: register schedule D:\person\qiankun\server\node_modules\egg-logrotator\app\schedule\rotate_by_file.js
2022-06-15 16:35:20,846 INFO 7912 [egg-schedule]: register schedule D:\person\qiankun\server\node_modules\egg-multipart\app\schedule\clean_tmpdir.js
2022-06-15 16:35:20,846 INFO 7912 [egg-schedule]: register schedule D:\person\qiankun\server\node_modules\egg-logrotator\app\schedule\clean_log.js
2022-06-15 16:35:20,846 INFO 7912 [egg-schedule]: register schedule D:\person\qiankun\server\node_modules\egg-logrotator\app\schedule\rotate_by_file.js
2022-06-15 16:36:41,952 INFO 24076 [egg-schedule]: register schedule D:\person\qiankun\server\node_modules\egg-multipart\app\schedule\clean_tmpdir.js
2022-06-15 16:36:41,952 INFO 24076 [egg-schedule]: register schedule D:\person\qiankun\server\node_modules\egg-logrotator\app\schedule\clean_log.js
2022-06-15 16:36:41,952 INFO 24076 [egg-schedule]: register schedule D:\person\qiankun\server\node_modules\egg-logrotator\app\schedule\rotate_by_file.js
2022-06-15 18:58:22,170 INFO 26964 [egg-schedule]: register schedule D:\person\qiankun\server\node_modules\egg-multipart\app\schedule\clean_tmpdir.js
2022-06-15 18:58:22,170 INFO 26964 [egg-schedule]: register schedule D:\person\qiankun\server\node_modules\egg-logrotator\app\schedule\clean_log.js
2022-06-15 18:58:22,170 INFO 26964 [egg-schedule]: register schedule D:\person\qiankun\server\node_modules\egg-logrotator\app\schedule\rotate_by_file.js
