2022-06-16 10:56:04,005 INFO 1120 [egg-logrotator] app logger reload: got log-reload message
2022-06-16 11:36:26,801 INFO 25832 [egg:logger] init all loggers with options: {"dir":"D:\\person\\qiankun\\server\\logs\\server","encoding":"utf8","env":"local","level":"INFO","consoleLevel":"INFO","disableConsoleAfterReady":false,"outputJSON":false,"buffer":true,"appLogName":"server-web.log","coreLogName":"egg-web.log","agentLogName":"egg-agent.log","errorLogName":"common-error.log","coreLogger":{"consoleLevel":"WARN"},"allowDebugAtProd":false,"enablePerformanceTimer":false,"type":"application"}
2022-06-16 11:36:26,841 INFO 25832 [egg-multipart] stream mode enable
2022-06-16 11:36:26,842 INFO 25832 [egg-mysql] connecting root@localhost:3306/qk_system
2022-06-16 11:36:27,047 INFO 25832 [egg-static] starting static serve /public/ -> D:\person\qiankun\server\app\public
2022-06-16 11:36:27,052 INFO 25832 [egg-security] use methodnoallow middleware
2022-06-16 11:36:27,053 INFO 25832 [egg-security] use noopen middleware
2022-06-16 11:36:27,055 INFO 25832 [egg-security] use nosniff middleware
2022-06-16 11:36:27,056 INFO 25832 [egg-security] use xssProtection middleware
2022-06-16 11:36:27,057 INFO 25832 [egg-security] use xframe middleware
2022-06-16 11:36:27,059 INFO 25832 [egg-security] use dta middleware
2022-06-16 11:36:27,059 INFO 25832 [egg-security] compose 6 middlewares into one security middleware
2022-06-16 11:36:27,074 INFO 25832 [egg:core] dump config after load, 5ms
2022-06-16 11:36:27,147 INFO 25832 [egg-watcher:application] watcher start success
2022-06-16 11:36:27,153 INFO 25832 [egg-mysql] instance[0] status OK, rds currentTime: Thu Jun 16 2022 03:36:27 GMT+0800 (中国标准时间)
2022-06-16 11:36:27,163 INFO 25832 [egg:core] dump config after ready, 7ms
2022-06-16 11:36:28,733 INFO 4216 [egg:logger] init all loggers with options: {"dir":"D:\\person\\qiankun\\server\\logs\\server","encoding":"utf8","env":"local","level":"INFO","consoleLevel":"INFO","disableConsoleAfterReady":false,"outputJSON":false,"buffer":true,"appLogName":"server-web.log","coreLogName":"egg-web.log","agentLogName":"egg-agent.log","errorLogName":"common-error.log","coreLogger":{"consoleLevel":"WARN"},"allowDebugAtProd":false,"enablePerformanceTimer":false,"type":"application"}
2022-06-16 11:36:28,777 INFO 4216 [egg-multipart] stream mode enable
2022-06-16 11:36:28,778 INFO 4216 [egg-mysql] connecting root@localhost:3306/qk_system
2022-06-16 11:36:28,965 INFO 4216 [egg-static] starting static serve /public/ -> D:\person\qiankun\server\app\public
2022-06-16 11:36:28,968 INFO 4216 [egg-security] use methodnoallow middleware
2022-06-16 11:36:28,969 INFO 4216 [egg-security] use noopen middleware
2022-06-16 11:36:28,970 INFO 4216 [egg-security] use nosniff middleware
2022-06-16 11:36:28,970 INFO 4216 [egg-security] use xssProtection middleware
2022-06-16 11:36:28,971 INFO 4216 [egg-security] use xframe middleware
2022-06-16 11:36:28,972 INFO 4216 [egg-security] use dta middleware
2022-06-16 11:36:28,972 INFO 4216 [egg-security] compose 6 middlewares into one security middleware
2022-06-16 11:36:28,986 INFO 4216 [egg:core] dump config after load, 7ms
2022-06-16 11:36:29,055 INFO 4216 [egg-watcher:application] watcher start success
2022-06-16 11:36:29,061 INFO 4216 [egg-mysql] instance[0] status OK, rds currentTime: Thu Jun 16 2022 03:36:29 GMT+0800 (中国标准时间)
2022-06-16 11:36:29,070 INFO 4216 [egg:core] dump config after ready, 7ms
2022-06-16 11:37:20,209 INFO 26156 [egg:logger] init all loggers with options: {"dir":"D:\\person\\qiankun\\server\\logs\\server","encoding":"utf8","env":"local","level":"INFO","consoleLevel":"INFO","disableConsoleAfterReady":false,"outputJSON":false,"buffer":true,"appLogName":"server-web.log","coreLogName":"egg-web.log","agentLogName":"egg-agent.log","errorLogName":"common-error.log","coreLogger":{"consoleLevel":"WARN"},"allowDebugAtProd":false,"enablePerformanceTimer":false,"type":"application"}
2022-06-16 11:37:20,244 INFO 26156 [egg-multipart] stream mode enable
2022-06-16 11:37:20,245 INFO 26156 [egg-mysql] connecting root@localhost:3306/qk_system
2022-06-16 11:37:20,405 INFO 26156 [egg-static] starting static serve /public/ -> D:\person\qiankun\server\app\public
2022-06-16 11:37:20,408 INFO 26156 [egg-security] use methodnoallow middleware
2022-06-16 11:37:20,408 INFO 26156 [egg-security] use noopen middleware
2022-06-16 11:37:20,409 INFO 26156 [egg-security] use nosniff middleware
2022-06-16 11:37:20,410 INFO 26156 [egg-security] use xssProtection middleware
2022-06-16 11:37:20,411 INFO 26156 [egg-security] use xframe middleware
2022-06-16 11:37:20,411 INFO 26156 [egg-security] use dta middleware
2022-06-16 11:37:20,411 INFO 26156 [egg-security] compose 6 middlewares into one security middleware
2022-06-16 11:37:20,423 INFO 26156 [egg:core] dump config after load, 6ms
2022-06-16 11:37:20,477 INFO 26156 [egg-watcher:application] watcher start success
2022-06-16 11:37:20,484 INFO 26156 [egg-mysql] instance[0] status OK, rds currentTime: Thu Jun 16 2022 03:37:20 GMT+0800 (中国标准时间)
2022-06-16 11:37:20,495 INFO 26156 [egg:core] dump config after ready, 8ms
2022-06-16 11:38:27,253 INFO 17812 [egg:logger] init all loggers with options: {"dir":"D:\\person\\qiankun\\server\\logs\\server","encoding":"utf8","env":"local","level":"INFO","consoleLevel":"INFO","disableConsoleAfterReady":false,"outputJSON":false,"buffer":true,"appLogName":"server-web.log","coreLogName":"egg-web.log","agentLogName":"egg-agent.log","errorLogName":"common-error.log","coreLogger":{"consoleLevel":"WARN"},"allowDebugAtProd":false,"enablePerformanceTimer":false,"type":"application"}
2022-06-16 11:38:27,285 INFO 17812 [egg-multipart] stream mode enable
2022-06-16 11:38:27,285 INFO 17812 [egg-mysql] connecting root@localhost:3306/qk_system
2022-06-16 11:38:27,434 INFO 17812 [egg-static] starting static serve /public/ -> D:\person\qiankun\server\app\public
2022-06-16 11:38:27,436 INFO 17812 [egg-security] use methodnoallow middleware
2022-06-16 11:38:27,437 INFO 17812 [egg-security] use noopen middleware
2022-06-16 11:38:27,437 INFO 17812 [egg-security] use nosniff middleware
2022-06-16 11:38:27,438 INFO 17812 [egg-security] use xssProtection middleware
2022-06-16 11:38:27,438 INFO 17812 [egg-security] use xframe middleware
2022-06-16 11:38:27,439 INFO 17812 [egg-security] use dta middleware
2022-06-16 11:38:27,439 INFO 17812 [egg-security] compose 6 middlewares into one security middleware
2022-06-16 11:38:27,449 INFO 17812 [egg:core] dump config after load, 5ms
2022-06-16 11:38:27,505 INFO 17812 [egg-watcher:application] watcher start success
2022-06-16 11:38:27,507 INFO 17812 [egg-mysql] instance[0] status OK, rds currentTime: Thu Jun 16 2022 03:38:27 GMT+0800 (中国标准时间)
2022-06-16 11:38:27,517 INFO 17812 [egg:core] dump config after ready, 7ms
2022-06-16 11:40:08,575 INFO 8220 [egg:logger] init all loggers with options: {"dir":"D:\\person\\qiankun\\server\\logs\\server","encoding":"utf8","env":"local","level":"INFO","consoleLevel":"INFO","disableConsoleAfterReady":false,"outputJSON":false,"buffer":true,"appLogName":"server-web.log","coreLogName":"egg-web.log","agentLogName":"egg-agent.log","errorLogName":"common-error.log","coreLogger":{"consoleLevel":"WARN"},"allowDebugAtProd":false,"enablePerformanceTimer":false,"type":"application"}
2022-06-16 11:40:08,607 INFO 8220 [egg-multipart] stream mode enable
2022-06-16 11:40:08,608 INFO 8220 [egg-mysql] connecting root@localhost:3306/qk_system
2022-06-16 11:40:08,762 INFO 8220 [egg-static] starting static serve /public/ -> D:\person\qiankun\server\app\public
2022-06-16 11:40:08,765 INFO 8220 [egg-security] use methodnoallow middleware
2022-06-16 11:40:08,766 INFO 8220 [egg-security] use noopen middleware
2022-06-16 11:40:08,767 INFO 8220 [egg-security] use nosniff middleware
2022-06-16 11:40:08,767 INFO 8220 [egg-security] use xssProtection middleware
2022-06-16 11:40:08,768 INFO 8220 [egg-security] use xframe middleware
2022-06-16 11:40:08,768 INFO 8220 [egg-security] use dta middleware
2022-06-16 11:40:08,769 INFO 8220 [egg-security] compose 6 middlewares into one security middleware
2022-06-16 11:40:08,784 INFO 8220 [egg:core] dump config after load, 7ms
2022-06-16 11:40:08,857 INFO 8220 [egg-watcher:application] watcher start success
2022-06-16 11:40:08,863 INFO 8220 [egg-mysql] instance[0] status OK, rds currentTime: Thu Jun 16 2022 03:40:08 GMT+0800 (中国标准时间)
2022-06-16 11:40:08,873 INFO 8220 [egg:core] dump config after ready, 8ms
2022-06-16 11:41:27,355 INFO 24940 [egg:logger] init all loggers with options: {"dir":"D:\\person\\qiankun\\server\\logs\\server","encoding":"utf8","env":"local","level":"INFO","consoleLevel":"INFO","disableConsoleAfterReady":false,"outputJSON":false,"buffer":true,"appLogName":"server-web.log","coreLogName":"egg-web.log","agentLogName":"egg-agent.log","errorLogName":"common-error.log","coreLogger":{"consoleLevel":"WARN"},"allowDebugAtProd":false,"enablePerformanceTimer":false,"type":"application"}
2022-06-16 11:41:27,394 INFO 24940 [egg-multipart] stream mode enable
2022-06-16 11:41:27,395 INFO 24940 [egg-mysql] connecting root@localhost:3306/qk_system
2022-06-16 11:41:27,552 INFO 24940 [egg-static] starting static serve /public/ -> D:\person\qiankun\server\app\public
2022-06-16 11:41:27,554 INFO 24940 [egg-security] use methodnoallow middleware
2022-06-16 11:41:27,555 INFO 24940 [egg-security] use noopen middleware
2022-06-16 11:41:27,556 INFO 24940 [egg-security] use nosniff middleware
2022-06-16 11:41:27,556 INFO 24940 [egg-security] use xssProtection middleware
2022-06-16 11:41:27,557 INFO 24940 [egg-security] use xframe middleware
2022-06-16 11:41:27,558 INFO 24940 [egg-security] use dta middleware
2022-06-16 11:41:27,558 INFO 24940 [egg-security] compose 6 middlewares into one security middleware
2022-06-16 11:41:27,568 INFO 24940 [egg:core] dump config after load, 5ms
2022-06-16 11:41:27,622 INFO 24940 [egg-watcher:application] watcher start success
2022-06-16 11:41:27,628 INFO 24940 [egg-mysql] instance[0] status OK, rds currentTime: Thu Jun 16 2022 03:41:27 GMT+0800 (中国标准时间)
2022-06-16 11:41:27,635 INFO 24940 [egg:core] dump config after ready, 5ms
2022-06-16 11:42:28,603 INFO 19552 [egg:logger] init all loggers with options: {"dir":"D:\\person\\qiankun\\server\\logs\\server","encoding":"utf8","env":"local","level":"INFO","consoleLevel":"INFO","disableConsoleAfterReady":false,"outputJSON":false,"buffer":true,"appLogName":"server-web.log","coreLogName":"egg-web.log","agentLogName":"egg-agent.log","errorLogName":"common-error.log","coreLogger":{"consoleLevel":"WARN"},"allowDebugAtProd":false,"enablePerformanceTimer":false,"type":"application"}
2022-06-16 11:42:28,641 INFO 19552 [egg-multipart] stream mode enable
2022-06-16 11:42:28,642 INFO 19552 [egg-mysql] connecting root@localhost:3306/qk_system
2022-06-16 11:42:28,805 INFO 19552 [egg-static] starting static serve /public/ -> D:\person\qiankun\server\app\public
2022-06-16 11:42:28,807 INFO 19552 [egg-security] use methodnoallow middleware
2022-06-16 11:42:28,808 INFO 19552 [egg-security] use noopen middleware
2022-06-16 11:42:28,809 INFO 19552 [egg-security] use nosniff middleware
2022-06-16 11:42:28,810 INFO 19552 [egg-security] use xssProtection middleware
2022-06-16 11:42:28,811 INFO 19552 [egg-security] use xframe middleware
2022-06-16 11:42:28,811 INFO 19552 [egg-security] use dta middleware
2022-06-16 11:42:28,811 INFO 19552 [egg-security] compose 6 middlewares into one security middleware
2022-06-16 11:42:28,824 INFO 19552 [egg:core] dump config after load, 7ms
2022-06-16 11:42:28,881 INFO 19552 [egg-watcher:application] watcher start success
2022-06-16 11:42:28,891 INFO 19552 [egg-mysql] instance[0] status OK, rds currentTime: Thu Jun 16 2022 03:42:28 GMT+0800 (中国标准时间)
2022-06-16 11:42:28,900 INFO 19552 [egg:core] dump config after ready, 7ms
2022-06-16 11:42:37,997 INFO 5760 [egg:logger] init all loggers with options: {"dir":"D:\\person\\qiankun\\server\\logs\\server","encoding":"utf8","env":"local","level":"INFO","consoleLevel":"INFO","disableConsoleAfterReady":false,"outputJSON":false,"buffer":true,"appLogName":"server-web.log","coreLogName":"egg-web.log","agentLogName":"egg-agent.log","errorLogName":"common-error.log","coreLogger":{"consoleLevel":"WARN"},"allowDebugAtProd":false,"enablePerformanceTimer":false,"type":"application"}
2022-06-16 11:42:38,028 INFO 5760 [egg-multipart] stream mode enable
2022-06-16 11:42:38,028 INFO 5760 [egg-mysql] connecting root@localhost:3306/qk_system
2022-06-16 11:42:38,181 INFO 5760 [egg-static] starting static serve /public/ -> D:\person\qiankun\server\app\public
2022-06-16 11:42:38,184 INFO 5760 [egg-security] use methodnoallow middleware
2022-06-16 11:42:38,184 INFO 5760 [egg-security] use noopen middleware
2022-06-16 11:42:38,185 INFO 5760 [egg-security] use nosniff middleware
2022-06-16 11:42:38,186 INFO 5760 [egg-security] use xssProtection middleware
2022-06-16 11:42:38,186 INFO 5760 [egg-security] use xframe middleware
2022-06-16 11:42:38,187 INFO 5760 [egg-security] use dta middleware
2022-06-16 11:42:38,187 INFO 5760 [egg-security] compose 6 middlewares into one security middleware
2022-06-16 11:42:38,200 INFO 5760 [egg:core] dump config after load, 6ms
2022-06-16 11:42:38,254 INFO 5760 [egg-watcher:application] watcher start success
2022-06-16 11:42:38,259 INFO 5760 [egg-mysql] instance[0] status OK, rds currentTime: Thu Jun 16 2022 03:42:38 GMT+0800 (中国标准时间)
2022-06-16 11:42:38,267 INFO 5760 [egg:core] dump config after ready, 6ms
2022-06-16 11:43:36,392 INFO 7912 [egg:logger] init all loggers with options: {"dir":"D:\\person\\qiankun\\server\\logs\\server","encoding":"utf8","env":"local","level":"INFO","consoleLevel":"INFO","disableConsoleAfterReady":false,"outputJSON":false,"buffer":true,"appLogName":"server-web.log","coreLogName":"egg-web.log","agentLogName":"egg-agent.log","errorLogName":"common-error.log","coreLogger":{"consoleLevel":"WARN"},"allowDebugAtProd":false,"enablePerformanceTimer":false,"type":"application"}
2022-06-16 11:43:36,430 INFO 7912 [egg-multipart] stream mode enable
2022-06-16 11:43:36,431 INFO 7912 [egg-mysql] connecting root@localhost:3306/qk_system
2022-06-16 11:43:36,591 INFO 7912 [egg-static] starting static serve /public/ -> D:\person\qiankun\server\app\public
2022-06-16 11:43:36,593 INFO 7912 [egg-security] use methodnoallow middleware
2022-06-16 11:43:36,594 INFO 7912 [egg-security] use noopen middleware
2022-06-16 11:43:36,594 INFO 7912 [egg-security] use nosniff middleware
2022-06-16 11:43:36,595 INFO 7912 [egg-security] use xssProtection middleware
2022-06-16 11:43:36,596 INFO 7912 [egg-security] use xframe middleware
2022-06-16 11:43:36,596 INFO 7912 [egg-security] use dta middleware
2022-06-16 11:43:36,596 INFO 7912 [egg-security] compose 6 middlewares into one security middleware
2022-06-16 11:43:36,607 INFO 7912 [egg:core] dump config after load, 5ms
2022-06-16 11:43:36,666 INFO 7912 [egg-watcher:application] watcher start success
2022-06-16 11:43:36,671 INFO 7912 [egg-mysql] instance[0] status OK, rds currentTime: Thu Jun 16 2022 03:43:36 GMT+0800 (中国标准时间)
2022-06-16 11:43:36,680 INFO 7912 [egg:core] dump config after ready, 6ms
2022-06-16 11:44:29,269 INFO 22664 [egg:logger] init all loggers with options: {"dir":"D:\\person\\qiankun\\server\\logs\\server","encoding":"utf8","env":"local","level":"INFO","consoleLevel":"INFO","disableConsoleAfterReady":false,"outputJSON":false,"buffer":true,"appLogName":"server-web.log","coreLogName":"egg-web.log","agentLogName":"egg-agent.log","errorLogName":"common-error.log","coreLogger":{"consoleLevel":"WARN"},"allowDebugAtProd":false,"enablePerformanceTimer":false,"type":"application"}
2022-06-16 11:44:29,309 INFO 22664 [egg-multipart] stream mode enable
2022-06-16 11:44:29,309 INFO 22664 [egg-mysql] connecting root@localhost:3306/qk_system
2022-06-16 11:44:29,467 INFO 22664 [egg-static] starting static serve /public/ -> D:\person\qiankun\server\app\public
2022-06-16 11:44:29,470 INFO 22664 [egg-security] use methodnoallow middleware
2022-06-16 11:44:29,471 INFO 22664 [egg-security] use noopen middleware
2022-06-16 11:44:29,472 INFO 22664 [egg-security] use nosniff middleware
2022-06-16 11:44:29,473 INFO 22664 [egg-security] use xssProtection middleware
2022-06-16 11:44:29,473 INFO 22664 [egg-security] use xframe middleware
2022-06-16 11:44:29,474 INFO 22664 [egg-security] use dta middleware
2022-06-16 11:44:29,474 INFO 22664 [egg-security] compose 6 middlewares into one security middleware
2022-06-16 11:44:29,485 INFO 22664 [egg:core] dump config after load, 5ms
2022-06-16 11:44:29,541 INFO 22664 [egg-watcher:application] watcher start success
2022-06-16 11:44:29,551 INFO 22664 [egg-mysql] instance[0] status OK, rds currentTime: Thu Jun 16 2022 03:44:29 GMT+0800 (中国标准时间)
2022-06-16 11:44:29,561 INFO 22664 [egg:core] dump config after ready, 7ms
2022-06-16 11:45:12,437 INFO 21568 [egg:logger] init all loggers with options: {"dir":"D:\\person\\qiankun\\server\\logs\\server","encoding":"utf8","env":"local","level":"INFO","consoleLevel":"INFO","disableConsoleAfterReady":false,"outputJSON":false,"buffer":true,"appLogName":"server-web.log","coreLogName":"egg-web.log","agentLogName":"egg-agent.log","errorLogName":"common-error.log","coreLogger":{"consoleLevel":"WARN"},"allowDebugAtProd":false,"enablePerformanceTimer":false,"type":"application"}
2022-06-16 11:45:12,471 INFO 21568 [egg-multipart] stream mode enable
2022-06-16 11:45:12,472 INFO 21568 [egg-mysql] connecting root@localhost:3306/qk_system
2022-06-16 11:45:12,658 INFO 21568 [egg-static] starting static serve /public/ -> D:\person\qiankun\server\app\public
2022-06-16 11:45:12,661 INFO 21568 [egg-security] use methodnoallow middleware
2022-06-16 11:45:12,662 INFO 21568 [egg-security] use noopen middleware
2022-06-16 11:45:12,664 INFO 21568 [egg-security] use nosniff middleware
2022-06-16 11:45:12,665 INFO 21568 [egg-security] use xssProtection middleware
2022-06-16 11:45:12,666 INFO 21568 [egg-security] use xframe middleware
2022-06-16 11:45:12,667 INFO 21568 [egg-security] use dta middleware
2022-06-16 11:45:12,668 INFO 21568 [egg-security] compose 6 middlewares into one security middleware
2022-06-16 11:45:12,679 INFO 21568 [egg:core] dump config after load, 5ms
2022-06-16 11:45:12,735 INFO 21568 [egg-watcher:application] watcher start success
2022-06-16 11:45:12,741 INFO 21568 [egg-mysql] instance[0] status OK, rds currentTime: Thu Jun 16 2022 03:45:12 GMT+0800 (中国标准时间)
2022-06-16 11:45:12,751 INFO 21568 [egg:core] dump config after ready, 7ms
2022-06-16 11:45:39,278 INFO 27544 [egg:logger] init all loggers with options: {"dir":"D:\\person\\qiankun\\server\\logs\\server","encoding":"utf8","env":"local","level":"INFO","consoleLevel":"INFO","disableConsoleAfterReady":false,"outputJSON":false,"buffer":true,"appLogName":"server-web.log","coreLogName":"egg-web.log","agentLogName":"egg-agent.log","errorLogName":"common-error.log","coreLogger":{"consoleLevel":"WARN"},"allowDebugAtProd":false,"enablePerformanceTimer":false,"type":"application"}
2022-06-16 11:45:39,312 INFO 27544 [egg-multipart] stream mode enable
2022-06-16 11:45:39,313 INFO 27544 [egg-mysql] connecting root@localhost:3306/qk_system
2022-06-16 11:45:39,461 INFO 27544 [egg-static] starting static serve /public/ -> D:\person\qiankun\server\app\public
2022-06-16 11:45:39,463 INFO 27544 [egg-security] use methodnoallow middleware
2022-06-16 11:45:39,464 INFO 27544 [egg-security] use noopen middleware
2022-06-16 11:45:39,465 INFO 27544 [egg-security] use nosniff middleware
2022-06-16 11:45:39,466 INFO 27544 [egg-security] use xssProtection middleware
2022-06-16 11:45:39,466 INFO 27544 [egg-security] use xframe middleware
2022-06-16 11:45:39,467 INFO 27544 [egg-security] use dta middleware
2022-06-16 11:45:39,467 INFO 27544 [egg-security] compose 6 middlewares into one security middleware
2022-06-16 11:45:39,478 INFO 27544 [egg:core] dump config after load, 5ms
2022-06-16 11:45:39,534 INFO 27544 [egg-watcher:application] watcher start success
2022-06-16 11:45:39,539 INFO 27544 [egg-mysql] instance[0] status OK, rds currentTime: Thu Jun 16 2022 03:45:39 GMT+0800 (中国标准时间)
2022-06-16 11:45:39,551 INFO 27544 [egg:core] dump config after ready, 9ms
2022-06-16 11:48:24,493 INFO 28876 [egg:logger] init all loggers with options: {"dir":"D:\\person\\qiankun\\server\\logs\\server","encoding":"utf8","env":"local","level":"INFO","consoleLevel":"INFO","disableConsoleAfterReady":false,"outputJSON":false,"buffer":true,"appLogName":"server-web.log","coreLogName":"egg-web.log","agentLogName":"egg-agent.log","errorLogName":"common-error.log","coreLogger":{"consoleLevel":"WARN"},"allowDebugAtProd":false,"enablePerformanceTimer":false,"type":"application"}
2022-06-16 11:48:24,528 INFO 28876 [egg-multipart] stream mode enable
2022-06-16 11:48:24,529 INFO 28876 [egg-mysql] connecting root@localhost:3306/qk_system
2022-06-16 11:48:24,680 INFO 28876 [egg-static] starting static serve /public/ -> D:\person\qiankun\server\app\public
2022-06-16 11:48:24,683 INFO 28876 [egg-security] use methodnoallow middleware
2022-06-16 11:48:24,683 INFO 28876 [egg-security] use noopen middleware
2022-06-16 11:48:24,684 INFO 28876 [egg-security] use nosniff middleware
2022-06-16 11:48:24,685 INFO 28876 [egg-security] use xssProtection middleware
2022-06-16 11:48:24,686 INFO 28876 [egg-security] use xframe middleware
2022-06-16 11:48:24,686 INFO 28876 [egg-security] use dta middleware
2022-06-16 11:48:24,686 INFO 28876 [egg-security] compose 6 middlewares into one security middleware
2022-06-16 11:48:24,697 INFO 28876 [egg:core] dump config after load, 5ms
2022-06-16 11:48:24,753 INFO 28876 [egg-watcher:application] watcher start success
2022-06-16 11:48:24,758 INFO 28876 [egg-mysql] instance[0] status OK, rds currentTime: Thu Jun 16 2022 03:48:24 GMT+0800 (中国标准时间)
2022-06-16 11:48:24,767 INFO 28876 [egg:core] dump config after ready, 7ms
2022-06-16 13:55:16,625 INFO 8484 [egg:logger] init all loggers with options: {"dir":"D:\\person\\qiankun\\server\\logs\\server","encoding":"utf8","env":"local","level":"INFO","consoleLevel":"INFO","disableConsoleAfterReady":false,"outputJSON":false,"buffer":true,"appLogName":"server-web.log","coreLogName":"egg-web.log","agentLogName":"egg-agent.log","errorLogName":"common-error.log","coreLogger":{"consoleLevel":"WARN"},"allowDebugAtProd":false,"enablePerformanceTimer":false,"type":"application"}
2022-06-16 13:55:16,659 INFO 8484 [egg-multipart] stream mode enable
2022-06-16 13:55:16,660 INFO 8484 [egg-mysql] connecting root@localhost:3306/qk_system
2022-06-16 13:55:16,860 INFO 8484 [egg-static] starting static serve /public/ -> D:\person\qiankun\server\app\public
2022-06-16 13:55:16,862 INFO 8484 [egg-security] use methodnoallow middleware
2022-06-16 13:55:16,863 INFO 8484 [egg-security] use noopen middleware
2022-06-16 13:55:16,864 INFO 8484 [egg-security] use nosniff middleware
2022-06-16 13:55:16,864 INFO 8484 [egg-security] use xssProtection middleware
2022-06-16 13:55:16,865 INFO 8484 [egg-security] use xframe middleware
2022-06-16 13:55:16,866 INFO 8484 [egg-security] use dta middleware
2022-06-16 13:55:16,866 INFO 8484 [egg-security] compose 6 middlewares into one security middleware
2022-06-16 13:55:16,880 INFO 8484 [egg:core] dump config after load, 6ms
2022-06-16 13:55:16,944 INFO 8484 [egg-watcher:application] watcher start success
2022-06-16 13:55:16,948 INFO 8484 [egg-mysql] instance[0] status OK, rds currentTime: Thu Jun 16 2022 05:55:16 GMT+0800 (中国标准时间)
2022-06-16 13:55:16,956 INFO 8484 [egg:core] dump config after ready, 6ms
2022-06-16 13:55:18,258 INFO 28296 [egg:logger] init all loggers with options: {"dir":"D:\\person\\qiankun\\server\\logs\\server","encoding":"utf8","env":"local","level":"INFO","consoleLevel":"INFO","disableConsoleAfterReady":false,"outputJSON":false,"buffer":true,"appLogName":"server-web.log","coreLogName":"egg-web.log","agentLogName":"egg-agent.log","errorLogName":"common-error.log","coreLogger":{"consoleLevel":"WARN"},"allowDebugAtProd":false,"enablePerformanceTimer":false,"type":"application"}
2022-06-16 13:55:18,321 INFO 28296 [egg-multipart] stream mode enable
2022-06-16 13:55:18,323 INFO 28296 [egg-mysql] connecting root@localhost:3306/qk_system
2022-06-16 13:55:18,528 INFO 28296 [egg-static] starting static serve /public/ -> D:\person\qiankun\server\app\public
2022-06-16 13:55:18,531 INFO 28296 [egg-security] use methodnoallow middleware
2022-06-16 13:55:18,532 INFO 28296 [egg-security] use noopen middleware
2022-06-16 13:55:18,533 INFO 28296 [egg-security] use nosniff middleware
2022-06-16 13:55:18,534 INFO 28296 [egg-security] use xssProtection middleware
2022-06-16 13:55:18,535 INFO 28296 [egg-security] use xframe middleware
2022-06-16 13:55:18,536 INFO 28296 [egg-security] use dta middleware
2022-06-16 13:55:18,536 INFO 28296 [egg-security] compose 6 middlewares into one security middleware
2022-06-16 13:55:18,551 INFO 28296 [egg:core] dump config after load, 8ms
2022-06-16 13:55:18,618 INFO 28296 [egg-watcher:application] watcher start success
2022-06-16 13:55:18,624 INFO 28296 [egg-mysql] instance[0] status OK, rds currentTime: Thu Jun 16 2022 05:55:18 GMT+0800 (中国标准时间)
2022-06-16 13:55:18,633 INFO 28296 [egg:core] dump config after ready, 6ms
2022-06-16 14:08:37,681 INFO 14944 [egg:logger] init all loggers with options: {"dir":"D:\\person\\qiankun\\server\\logs\\server","encoding":"utf8","env":"local","level":"INFO","consoleLevel":"INFO","disableConsoleAfterReady":false,"outputJSON":false,"buffer":true,"appLogName":"server-web.log","coreLogName":"egg-web.log","agentLogName":"egg-agent.log","errorLogName":"common-error.log","coreLogger":{"consoleLevel":"WARN"},"allowDebugAtProd":false,"enablePerformanceTimer":false,"type":"application"}
2022-06-16 14:08:37,717 INFO 14944 [egg-multipart] stream mode enable
2022-06-16 14:08:37,718 INFO 14944 [egg-mysql] connecting root@localhost:3306/qk_system
2022-06-16 14:08:37,879 INFO 14944 [egg-static] starting static serve /public/ -> D:\person\qiankun\server\app\public
2022-06-16 14:08:37,882 INFO 14944 [egg-security] use methodnoallow middleware
2022-06-16 14:08:37,883 INFO 14944 [egg-security] use noopen middleware
2022-06-16 14:08:37,884 INFO 14944 [egg-security] use nosniff middleware
2022-06-16 14:08:37,885 INFO 14944 [egg-security] use xssProtection middleware
2022-06-16 14:08:37,886 INFO 14944 [egg-security] use xframe middleware
2022-06-16 14:08:37,887 INFO 14944 [egg-security] use dta middleware
2022-06-16 14:08:37,887 INFO 14944 [egg-security] compose 6 middlewares into one security middleware
2022-06-16 14:08:37,899 INFO 14944 [egg:core] dump config after load, 6ms
2022-06-16 14:08:37,959 INFO 14944 [egg-watcher:application] watcher start success
2022-06-16 14:08:37,970 INFO 14944 [egg-mysql] instance[0] status OK, rds currentTime: Thu Jun 16 2022 06:08:37 GMT+0800 (中国标准时间)
2022-06-16 14:08:37,982 INFO 14944 [egg:core] dump config after ready, 10ms
2022-06-16 14:09:12,188 INFO 25836 [egg:logger] init all loggers with options: {"dir":"D:\\person\\qiankun\\server\\logs\\server","encoding":"utf8","env":"local","level":"INFO","consoleLevel":"INFO","disableConsoleAfterReady":false,"outputJSON":false,"buffer":true,"appLogName":"server-web.log","coreLogName":"egg-web.log","agentLogName":"egg-agent.log","errorLogName":"common-error.log","coreLogger":{"consoleLevel":"WARN"},"allowDebugAtProd":false,"enablePerformanceTimer":false,"type":"application"}
2022-06-16 14:09:12,224 INFO 25836 [egg-multipart] stream mode enable
2022-06-16 14:09:12,225 INFO 25836 [egg-mysql] connecting root@localhost:3306/qk_system
2022-06-16 14:09:12,395 INFO 25836 [egg-static] starting static serve /public/ -> D:\person\qiankun\server\app\public
2022-06-16 14:09:12,398 INFO 25836 [egg-security] use methodnoallow middleware
2022-06-16 14:09:12,399 INFO 25836 [egg-security] use noopen middleware
2022-06-16 14:09:12,399 INFO 25836 [egg-security] use nosniff middleware
2022-06-16 14:09:12,400 INFO 25836 [egg-security] use xssProtection middleware
2022-06-16 14:09:12,401 INFO 25836 [egg-security] use xframe middleware
2022-06-16 14:09:12,401 INFO 25836 [egg-security] use dta middleware
2022-06-16 14:09:12,401 INFO 25836 [egg-security] compose 6 middlewares into one security middleware
2022-06-16 14:09:12,417 INFO 25836 [egg:core] dump config after load, 9ms
2022-06-16 14:09:12,485 INFO 25836 [egg-watcher:application] watcher start success
2022-06-16 14:09:12,492 INFO 25836 [egg-mysql] instance[0] status OK, rds currentTime: Thu Jun 16 2022 06:09:12 GMT+0800 (中国标准时间)
2022-06-16 14:09:12,513 INFO 25836 [egg:core] dump config after ready, 18ms
2022-06-16 14:09:16,932 INFO 25080 [egg:logger] init all loggers with options: {"dir":"D:\\person\\qiankun\\server\\logs\\server","encoding":"utf8","env":"local","level":"INFO","consoleLevel":"INFO","disableConsoleAfterReady":false,"outputJSON":false,"buffer":true,"appLogName":"server-web.log","coreLogName":"egg-web.log","agentLogName":"egg-agent.log","errorLogName":"common-error.log","coreLogger":{"consoleLevel":"WARN"},"allowDebugAtProd":false,"enablePerformanceTimer":false,"type":"application"}
2022-06-16 14:09:16,965 INFO 25080 [egg-multipart] stream mode enable
2022-06-16 14:09:16,966 INFO 25080 [egg-mysql] connecting root@localhost:3306/qk_system
2022-06-16 14:09:17,118 INFO 25080 [egg-static] starting static serve /public/ -> D:\person\qiankun\server\app\public
2022-06-16 14:09:17,121 INFO 25080 [egg-security] use methodnoallow middleware
2022-06-16 14:09:17,122 INFO 25080 [egg-security] use noopen middleware
2022-06-16 14:09:17,122 INFO 25080 [egg-security] use nosniff middleware
2022-06-16 14:09:17,123 INFO 25080 [egg-security] use xssProtection middleware
2022-06-16 14:09:17,124 INFO 25080 [egg-security] use xframe middleware
2022-06-16 14:09:17,124 INFO 25080 [egg-security] use dta middleware
2022-06-16 14:09:17,125 INFO 25080 [egg-security] compose 6 middlewares into one security middleware
2022-06-16 14:09:17,135 INFO 25080 [egg:core] dump config after load, 5ms
2022-06-16 14:09:17,202 INFO 25080 [egg-watcher:application] watcher start success
2022-06-16 14:09:17,207 INFO 25080 [egg-mysql] instance[0] status OK, rds currentTime: Thu Jun 16 2022 06:09:17 GMT+0800 (中国标准时间)
2022-06-16 14:09:17,219 INFO 25080 [egg:core] dump config after ready, 9ms
2022-06-16 14:13:15,204 INFO 13628 [egg:logger] init all loggers with options: {"dir":"D:\\person\\qiankun\\server\\logs\\server","encoding":"utf8","env":"local","level":"INFO","consoleLevel":"INFO","disableConsoleAfterReady":false,"outputJSON":false,"buffer":true,"appLogName":"server-web.log","coreLogName":"egg-web.log","agentLogName":"egg-agent.log","errorLogName":"common-error.log","coreLogger":{"consoleLevel":"WARN"},"allowDebugAtProd":false,"enablePerformanceTimer":false,"type":"application"}
2022-06-16 14:13:15,236 INFO 13628 [egg-multipart] stream mode enable
2022-06-16 14:13:15,237 INFO 13628 [egg-mysql] connecting root@localhost:3306/qk_system
2022-06-16 14:13:15,397 INFO 13628 [egg-static] starting static serve /public/ -> D:\person\qiankun\server\app\public
2022-06-16 14:13:15,400 INFO 13628 [egg-security] use methodnoallow middleware
2022-06-16 14:13:15,400 INFO 13628 [egg-security] use noopen middleware
2022-06-16 14:13:15,401 INFO 13628 [egg-security] use nosniff middleware
2022-06-16 14:13:15,402 INFO 13628 [egg-security] use xssProtection middleware
2022-06-16 14:13:15,402 INFO 13628 [egg-security] use xframe middleware
2022-06-16 14:13:15,403 INFO 13628 [egg-security] use dta middleware
2022-06-16 14:13:15,403 INFO 13628 [egg-security] compose 6 middlewares into one security middleware
2022-06-16 14:13:15,416 INFO 13628 [egg:core] dump config after load, 7ms
2022-06-16 14:13:15,486 INFO 13628 [egg-watcher:application] watcher start success
2022-06-16 14:13:15,492 INFO 13628 [egg-mysql] instance[0] status OK, rds currentTime: Thu Jun 16 2022 06:13:15 GMT+0800 (中国标准时间)
2022-06-16 14:13:15,505 INFO 13628 [egg:core] dump config after ready, 10ms
2022-06-16 14:13:33,547 INFO 14008 [egg:logger] init all loggers with options: {"dir":"D:\\person\\qiankun\\server\\logs\\server","encoding":"utf8","env":"local","level":"INFO","consoleLevel":"INFO","disableConsoleAfterReady":false,"outputJSON":false,"buffer":true,"appLogName":"server-web.log","coreLogName":"egg-web.log","agentLogName":"egg-agent.log","errorLogName":"common-error.log","coreLogger":{"consoleLevel":"WARN"},"allowDebugAtProd":false,"enablePerformanceTimer":false,"type":"application"}
2022-06-16 14:13:33,581 INFO 14008 [egg-multipart] stream mode enable
2022-06-16 14:13:33,582 INFO 14008 [egg-mysql] connecting root@localhost:3306/qk_system
2022-06-16 14:13:33,759 INFO 14008 [egg-static] starting static serve /public/ -> D:\person\qiankun\server\app\public
2022-06-16 14:13:33,762 INFO 14008 [egg-security] use methodnoallow middleware
2022-06-16 14:13:33,763 INFO 14008 [egg-security] use noopen middleware
2022-06-16 14:13:33,764 INFO 14008 [egg-security] use nosniff middleware
2022-06-16 14:13:33,764 INFO 14008 [egg-security] use xssProtection middleware
2022-06-16 14:13:33,765 INFO 14008 [egg-security] use xframe middleware
2022-06-16 14:13:33,766 INFO 14008 [egg-security] use dta middleware
2022-06-16 14:13:33,766 INFO 14008 [egg-security] compose 6 middlewares into one security middleware
2022-06-16 14:13:33,778 INFO 14008 [egg:core] dump config after load, 6ms
2022-06-16 14:13:33,842 INFO 14008 [egg-watcher:application] watcher start success
2022-06-16 14:13:33,847 INFO 14008 [egg-mysql] instance[0] status OK, rds currentTime: Thu Jun 16 2022 06:13:33 GMT+0800 (中国标准时间)
2022-06-16 14:13:33,857 INFO 14008 [egg:core] dump config after ready, 8ms
2022-06-16 14:51:23,849 INFO 16092 [egg:logger] init all loggers with options: {"dir":"D:\\person\\qiankun\\server\\logs\\server","encoding":"utf8","env":"local","level":"INFO","consoleLevel":"INFO","disableConsoleAfterReady":false,"outputJSON":false,"buffer":true,"appLogName":"server-web.log","coreLogName":"egg-web.log","agentLogName":"egg-agent.log","errorLogName":"common-error.log","coreLogger":{"consoleLevel":"WARN"},"allowDebugAtProd":false,"enablePerformanceTimer":false,"type":"application"}
2022-06-16 14:51:23,884 INFO 16092 [egg-multipart] stream mode enable
2022-06-16 14:51:23,884 INFO 16092 [egg-mysql] connecting root@localhost:3306/qk_system
2022-06-16 14:51:24,083 INFO 16092 [egg-static] starting static serve /public/ -> D:\person\qiankun\server\app\public
2022-06-16 14:51:24,085 INFO 16092 [egg-security] use methodnoallow middleware
2022-06-16 14:51:24,086 INFO 16092 [egg-security] use noopen middleware
2022-06-16 14:51:24,087 INFO 16092 [egg-security] use nosniff middleware
2022-06-16 14:51:24,087 INFO 16092 [egg-security] use xssProtection middleware
2022-06-16 14:51:24,088 INFO 16092 [egg-security] use xframe middleware
2022-06-16 14:51:24,089 INFO 16092 [egg-security] use dta middleware
2022-06-16 14:51:24,089 INFO 16092 [egg-security] compose 6 middlewares into one security middleware
2022-06-16 14:51:24,100 INFO 16092 [egg:core] dump config after load, 5ms
2022-06-16 14:51:24,162 INFO 16092 [egg-watcher:application] watcher start success
2022-06-16 14:51:24,169 INFO 16092 [egg-mysql] instance[0] status OK, rds currentTime: Thu Jun 16 2022 06:51:24 GMT+0800 (中国标准时间)
2022-06-16 14:51:24,181 INFO 16092 [egg:core] dump config after ready, 8ms
2022-06-16 14:53:29,306 INFO 13212 [egg:logger] init all loggers with options: {"dir":"D:\\person\\qiankun\\server\\logs\\server","encoding":"utf8","env":"local","level":"INFO","consoleLevel":"INFO","disableConsoleAfterReady":false,"outputJSON":false,"buffer":true,"appLogName":"server-web.log","coreLogName":"egg-web.log","agentLogName":"egg-agent.log","errorLogName":"common-error.log","coreLogger":{"consoleLevel":"WARN"},"allowDebugAtProd":false,"enablePerformanceTimer":false,"type":"application"}
2022-06-16 14:53:29,334 INFO 13212 [egg-multipart] stream mode enable
2022-06-16 14:53:29,337 INFO 13212 [egg-mysql] connecting root@localhost:3306/qk_system
2022-06-16 14:53:29,481 INFO 13212 [egg-static] starting static serve /public/ -> D:\person\qiankun\server\app\public
2022-06-16 14:53:29,483 INFO 13212 [egg-security] use methodnoallow middleware
2022-06-16 14:53:29,484 INFO 13212 [egg-security] use noopen middleware
2022-06-16 14:53:29,484 INFO 13212 [egg-security] use nosniff middleware
2022-06-16 14:53:29,485 INFO 13212 [egg-security] use xssProtection middleware
2022-06-16 14:53:29,486 INFO 13212 [egg-security] use xframe middleware
2022-06-16 14:53:29,486 INFO 13212 [egg-security] use dta middleware
2022-06-16 14:53:29,486 INFO 13212 [egg-security] compose 6 middlewares into one security middleware
2022-06-16 14:53:29,498 INFO 13212 [egg:core] dump config after load, 6ms
2022-06-16 14:53:29,552 INFO 13212 [egg-watcher:application] watcher start success
2022-06-16 14:53:29,553 INFO 13212 [egg-mysql] instance[0] status OK, rds currentTime: Thu Jun 16 2022 06:53:29 GMT+0800 (中国标准时间)
2022-06-16 14:53:29,562 INFO 13212 [egg:core] dump config after ready, 7ms
2022-06-16 14:55:24,893 INFO 15808 [egg:logger] init all loggers with options: {"dir":"D:\\person\\qiankun\\server\\logs\\server","encoding":"utf8","env":"local","level":"INFO","consoleLevel":"INFO","disableConsoleAfterReady":false,"outputJSON":false,"buffer":true,"appLogName":"server-web.log","coreLogName":"egg-web.log","agentLogName":"egg-agent.log","errorLogName":"common-error.log","coreLogger":{"consoleLevel":"WARN"},"allowDebugAtProd":false,"enablePerformanceTimer":false,"type":"application"}
2022-06-16 14:55:24,929 INFO 15808 [egg-multipart] stream mode enable
2022-06-16 14:55:24,933 INFO 15808 [egg-mysql] connecting root@localhost:3306/qk_system
2022-06-16 14:55:25,107 INFO 15808 [egg-static] starting static serve /public/ -> D:\person\qiankun\server\app\public
2022-06-16 14:55:25,110 INFO 15808 [egg-security] use methodnoallow middleware
2022-06-16 14:55:25,111 INFO 15808 [egg-security] use noopen middleware
2022-06-16 14:55:25,111 INFO 15808 [egg-security] use nosniff middleware
2022-06-16 14:55:25,112 INFO 15808 [egg-security] use xssProtection middleware
2022-06-16 14:55:25,113 INFO 15808 [egg-security] use xframe middleware
2022-06-16 14:55:25,114 INFO 15808 [egg-security] use dta middleware
2022-06-16 14:55:25,114 INFO 15808 [egg-security] compose 6 middlewares into one security middleware
2022-06-16 14:55:25,125 INFO 15808 [egg:core] dump config after load, 5ms
2022-06-16 14:55:25,177 INFO 15808 [egg-watcher:application] watcher start success
2022-06-16 14:55:25,181 INFO 15808 [egg-mysql] instance[0] status OK, rds currentTime: Thu Jun 16 2022 06:55:25 GMT+0800 (中国标准时间)
2022-06-16 14:55:25,190 INFO 15808 [egg:core] dump config after ready, 7ms
2022-06-16 14:55:26,300 INFO 11796 [egg:logger] init all loggers with options: {"dir":"D:\\person\\qiankun\\server\\logs\\server","encoding":"utf8","env":"local","level":"INFO","consoleLevel":"INFO","disableConsoleAfterReady":false,"outputJSON":false,"buffer":true,"appLogName":"server-web.log","coreLogName":"egg-web.log","agentLogName":"egg-agent.log","errorLogName":"common-error.log","coreLogger":{"consoleLevel":"WARN"},"allowDebugAtProd":false,"enablePerformanceTimer":false,"type":"application"}
2022-06-16 14:55:26,329 INFO 11796 [egg-multipart] stream mode enable
2022-06-16 14:55:26,333 INFO 11796 [egg-mysql] connecting root@localhost:3306/qk_system
2022-06-16 14:55:26,475 INFO 11796 [egg-static] starting static serve /public/ -> D:\person\qiankun\server\app\public
2022-06-16 14:55:26,477 INFO 11796 [egg-security] use methodnoallow middleware
2022-06-16 14:55:26,478 INFO 11796 [egg-security] use noopen middleware
2022-06-16 14:55:26,478 INFO 11796 [egg-security] use nosniff middleware
2022-06-16 14:55:26,479 INFO 11796 [egg-security] use xssProtection middleware
2022-06-16 14:55:26,479 INFO 11796 [egg-security] use xframe middleware
2022-06-16 14:55:26,480 INFO 11796 [egg-security] use dta middleware
2022-06-16 14:55:26,480 INFO 11796 [egg-security] compose 6 middlewares into one security middleware
2022-06-16 14:55:26,491 INFO 11796 [egg:core] dump config after load, 6ms
2022-06-16 14:55:26,545 INFO 11796 [egg-watcher:application] watcher start success
2022-06-16 14:55:26,551 INFO 11796 [egg-mysql] instance[0] status OK, rds currentTime: Thu Jun 16 2022 06:55:26 GMT+0800 (中国标准时间)
2022-06-16 14:55:26,560 INFO 11796 [egg:core] dump config after ready, 7ms
2022-06-16 14:56:04,232 INFO 15656 [egg:logger] init all loggers with options: {"dir":"D:\\person\\qiankun\\server\\logs\\server","encoding":"utf8","env":"local","level":"INFO","consoleLevel":"INFO","disableConsoleAfterReady":false,"outputJSON":false,"buffer":true,"appLogName":"server-web.log","coreLogName":"egg-web.log","agentLogName":"egg-agent.log","errorLogName":"common-error.log","coreLogger":{"consoleLevel":"WARN"},"allowDebugAtProd":false,"enablePerformanceTimer":false,"type":"application"}
2022-06-16 14:56:04,263 INFO 15656 [egg-multipart] stream mode enable
2022-06-16 14:56:04,267 INFO 15656 [egg-mysql] connecting root@localhost:3306/qk_system
2022-06-16 14:56:04,420 INFO 15656 [egg-static] starting static serve /public/ -> D:\person\qiankun\server\app\public
2022-06-16 14:56:04,422 INFO 15656 [egg-security] use methodnoallow middleware
2022-06-16 14:56:04,423 INFO 15656 [egg-security] use noopen middleware
2022-06-16 14:56:04,424 INFO 15656 [egg-security] use nosniff middleware
2022-06-16 14:56:04,424 INFO 15656 [egg-security] use xssProtection middleware
2022-06-16 14:56:04,425 INFO 15656 [egg-security] use xframe middleware
2022-06-16 14:56:04,425 INFO 15656 [egg-security] use dta middleware
2022-06-16 14:56:04,425 INFO 15656 [egg-security] compose 6 middlewares into one security middleware
2022-06-16 14:56:04,436 INFO 15656 [egg:core] dump config after load, 5ms
2022-06-16 14:56:04,485 INFO 15656 [egg-watcher:application] watcher start success
2022-06-16 14:56:04,498 INFO 15656 [egg-mysql] instance[0] status OK, rds currentTime: Thu Jun 16 2022 06:56:04 GMT+0800 (中国标准时间)
2022-06-16 14:56:04,506 INFO 15656 [egg:core] dump config after ready, 7ms
2022-06-16 15:13:50,655 INFO 3908 [egg:logger] init all loggers with options: {"dir":"D:\\person\\qiankun\\server\\logs\\server","encoding":"utf8","env":"local","level":"INFO","consoleLevel":"INFO","disableConsoleAfterReady":false,"outputJSON":false,"buffer":true,"appLogName":"server-web.log","coreLogName":"egg-web.log","agentLogName":"egg-agent.log","errorLogName":"common-error.log","coreLogger":{"consoleLevel":"WARN"},"allowDebugAtProd":false,"enablePerformanceTimer":false,"type":"application"}
2022-06-16 15:13:50,688 INFO 3908 [egg-multipart] stream mode enable
2022-06-16 15:13:50,694 INFO 3908 [egg-mysql] connecting root@localhost:3306/qk_system
2022-06-16 15:13:50,868 INFO 3908 [egg-static] starting static serve /public/ -> D:\person\qiankun\server\app\public
2022-06-16 15:13:50,871 INFO 3908 [egg-security] use methodnoallow middleware
2022-06-16 15:13:50,872 INFO 3908 [egg-security] use noopen middleware
2022-06-16 15:13:50,873 INFO 3908 [egg-security] use nosniff middleware
2022-06-16 15:13:50,873 INFO 3908 [egg-security] use xssProtection middleware
2022-06-16 15:13:50,874 INFO 3908 [egg-security] use xframe middleware
2022-06-16 15:13:50,874 INFO 3908 [egg-security] use dta middleware
2022-06-16 15:13:50,874 INFO 3908 [egg-security] compose 6 middlewares into one security middleware
2022-06-16 15:13:50,888 INFO 3908 [egg:core] dump config after load, 7ms
2022-06-16 15:13:50,948 INFO 3908 [egg-watcher:application] watcher start success
2022-06-16 15:13:50,955 INFO 3908 [egg-mysql] instance[0] status OK, rds currentTime: Thu Jun 16 2022 07:13:50 GMT+0800 (中国标准时间)
2022-06-16 15:13:50,964 INFO 3908 [egg:core] dump config after ready, 7ms
2022-06-16 15:13:52,303 INFO 19108 [egg:logger] init all loggers with options: {"dir":"D:\\person\\qiankun\\server\\logs\\server","encoding":"utf8","env":"local","level":"INFO","consoleLevel":"INFO","disableConsoleAfterReady":false,"outputJSON":false,"buffer":true,"appLogName":"server-web.log","coreLogName":"egg-web.log","agentLogName":"egg-agent.log","errorLogName":"common-error.log","coreLogger":{"consoleLevel":"WARN"},"allowDebugAtProd":false,"enablePerformanceTimer":false,"type":"application"}
2022-06-16 15:13:52,337 INFO 19108 [egg-multipart] stream mode enable
2022-06-16 15:13:52,341 INFO 19108 [egg-mysql] connecting root@localhost:3306/qk_system
2022-06-16 15:13:52,487 INFO 19108 [egg-static] starting static serve /public/ -> D:\person\qiankun\server\app\public
2022-06-16 15:13:52,490 INFO 19108 [egg-security] use methodnoallow middleware
2022-06-16 15:13:52,491 INFO 19108 [egg-security] use noopen middleware
2022-06-16 15:13:52,491 INFO 19108 [egg-security] use nosniff middleware
2022-06-16 15:13:52,492 INFO 19108 [egg-security] use xssProtection middleware
2022-06-16 15:13:52,492 INFO 19108 [egg-security] use xframe middleware
2022-06-16 15:13:52,493 INFO 19108 [egg-security] use dta middleware
2022-06-16 15:13:52,493 INFO 19108 [egg-security] compose 6 middlewares into one security middleware
2022-06-16 15:13:52,504 INFO 19108 [egg:core] dump config after load, 5ms
2022-06-16 15:13:52,562 INFO 19108 [egg-watcher:application] watcher start success
2022-06-16 15:13:52,569 INFO 19108 [egg-mysql] instance[0] status OK, rds currentTime: Thu Jun 16 2022 07:13:52 GMT+0800 (中国标准时间)
2022-06-16 15:13:52,577 INFO 19108 [egg:core] dump config after ready, 6ms
2022-06-16 15:18:12,269 INFO 7316 [egg:logger] init all loggers with options: {"dir":"D:\\person\\qiankun\\server\\logs\\server","encoding":"utf8","env":"local","level":"INFO","consoleLevel":"INFO","disableConsoleAfterReady":false,"outputJSON":false,"buffer":true,"appLogName":"server-web.log","coreLogName":"egg-web.log","agentLogName":"egg-agent.log","errorLogName":"common-error.log","coreLogger":{"consoleLevel":"WARN"},"allowDebugAtProd":false,"enablePerformanceTimer":false,"type":"application"}
2022-06-16 15:18:12,304 INFO 7316 [egg-multipart] stream mode enable
2022-06-16 15:18:12,308 INFO 7316 [egg-mysql] connecting root@localhost:3306/qk_system
2022-06-16 15:18:12,465 INFO 7316 [egg-static] starting static serve /public/ -> D:\person\qiankun\server\app\public
2022-06-16 15:18:12,468 INFO 7316 [egg-security] use methodnoallow middleware
2022-06-16 15:18:12,469 INFO 7316 [egg-security] use noopen middleware
2022-06-16 15:18:12,469 INFO 7316 [egg-security] use nosniff middleware
2022-06-16 15:18:12,470 INFO 7316 [egg-security] use xssProtection middleware
2022-06-16 15:18:12,471 INFO 7316 [egg-security] use xframe middleware
2022-06-16 15:18:12,472 INFO 7316 [egg-security] use dta middleware
2022-06-16 15:18:12,472 INFO 7316 [egg-security] compose 6 middlewares into one security middleware
2022-06-16 15:18:12,485 INFO 7316 [egg:core] dump config after load, 6ms
2022-06-16 15:18:12,552 INFO 7316 [egg-watcher:application] watcher start success
2022-06-16 15:18:12,556 INFO 7316 [egg-mysql] instance[0] status OK, rds currentTime: Thu Jun 16 2022 07:18:12 GMT+0800 (中国标准时间)
2022-06-16 15:18:12,566 INFO 7316 [egg:core] dump config after ready, 8ms
2022-06-16 15:23:19,221 INFO 22688 [egg:logger] init all loggers with options: {"dir":"D:\\person\\qiankun\\server\\logs\\server","encoding":"utf8","env":"local","level":"INFO","consoleLevel":"INFO","disableConsoleAfterReady":false,"outputJSON":false,"buffer":true,"appLogName":"server-web.log","coreLogName":"egg-web.log","agentLogName":"egg-agent.log","errorLogName":"common-error.log","coreLogger":{"consoleLevel":"WARN"},"allowDebugAtProd":false,"enablePerformanceTimer":false,"type":"application"}
2022-06-16 15:23:19,254 INFO 22688 [egg-multipart] stream mode enable
2022-06-16 15:23:19,258 INFO 22688 [egg-mysql] connecting root@localhost:3306/qk_system
2022-06-16 15:23:19,408 INFO 22688 [egg-static] starting static serve /public/ -> D:\person\qiankun\server\app\public
2022-06-16 15:23:19,411 INFO 22688 [egg-security] use methodnoallow middleware
2022-06-16 15:23:19,412 INFO 22688 [egg-security] use noopen middleware
2022-06-16 15:23:19,412 INFO 22688 [egg-security] use nosniff middleware
2022-06-16 15:23:19,413 INFO 22688 [egg-security] use xssProtection middleware
2022-06-16 15:23:19,413 INFO 22688 [egg-security] use xframe middleware
2022-06-16 15:23:19,414 INFO 22688 [egg-security] use dta middleware
2022-06-16 15:23:19,414 INFO 22688 [egg-security] compose 6 middlewares into one security middleware
2022-06-16 15:23:19,426 INFO 22688 [egg:core] dump config after load, 5ms
2022-06-16 15:23:19,480 INFO 22688 [egg-watcher:application] watcher start success
2022-06-16 15:23:19,488 INFO 22688 [egg-mysql] instance[0] status OK, rds currentTime: Thu Jun 16 2022 07:23:19 GMT+0800 (中国标准时间)
2022-06-16 15:23:19,496 INFO 22688 [egg:core] dump config after ready, 6ms
2022-06-16 15:23:49,208 INFO 10264 [egg:logger] init all loggers with options: {"dir":"D:\\person\\qiankun\\server\\logs\\server","encoding":"utf8","env":"local","level":"INFO","consoleLevel":"INFO","disableConsoleAfterReady":false,"outputJSON":false,"buffer":true,"appLogName":"server-web.log","coreLogName":"egg-web.log","agentLogName":"egg-agent.log","errorLogName":"common-error.log","coreLogger":{"consoleLevel":"WARN"},"allowDebugAtProd":false,"enablePerformanceTimer":false,"type":"application"}
2022-06-16 15:23:49,249 INFO 10264 [egg-multipart] stream mode enable
2022-06-16 15:23:49,254 INFO 10264 [egg-mysql] connecting root@localhost:3306/qk_system
2022-06-16 15:23:49,419 INFO 10264 [egg-static] starting static serve /public/ -> D:\person\qiankun\server\app\public
2022-06-16 15:23:49,421 INFO 10264 [egg-security] use methodnoallow middleware
2022-06-16 15:23:49,422 INFO 10264 [egg-security] use noopen middleware
2022-06-16 15:23:49,423 INFO 10264 [egg-security] use nosniff middleware
2022-06-16 15:23:49,423 INFO 10264 [egg-security] use xssProtection middleware
2022-06-16 15:23:49,424 INFO 10264 [egg-security] use xframe middleware
2022-06-16 15:23:49,425 INFO 10264 [egg-security] use dta middleware
2022-06-16 15:23:49,425 INFO 10264 [egg-security] compose 6 middlewares into one security middleware
2022-06-16 15:23:49,437 INFO 10264 [egg:core] dump config after load, 6ms
2022-06-16 15:23:49,496 INFO 10264 [egg-watcher:application] watcher start success
2022-06-16 15:23:49,503 INFO 10264 [egg-mysql] instance[0] status OK, rds currentTime: Thu Jun 16 2022 07:23:49 GMT+0800 (中国标准时间)
2022-06-16 15:23:49,512 INFO 10264 [egg:core] dump config after ready, 7ms
2022-06-16 15:25:11,134 INFO 22664 [egg:logger] init all loggers with options: {"dir":"D:\\person\\qiankun\\server\\logs\\server","encoding":"utf8","env":"local","level":"INFO","consoleLevel":"INFO","disableConsoleAfterReady":false,"outputJSON":false,"buffer":true,"appLogName":"server-web.log","coreLogName":"egg-web.log","agentLogName":"egg-agent.log","errorLogName":"common-error.log","coreLogger":{"consoleLevel":"WARN"},"allowDebugAtProd":false,"enablePerformanceTimer":false,"type":"application"}
2022-06-16 15:25:11,177 INFO 22664 [egg-multipart] stream mode enable
2022-06-16 15:25:11,183 INFO 22664 [egg-mysql] connecting root@localhost:3306/qk_system
2022-06-16 15:25:11,411 INFO 22664 [egg-static] starting static serve /public/ -> D:\person\qiankun\server\app\public
2022-06-16 15:25:11,414 INFO 22664 [egg-security] use methodnoallow middleware
2022-06-16 15:25:11,414 INFO 22664 [egg-security] use noopen middleware
2022-06-16 15:25:11,415 INFO 22664 [egg-security] use nosniff middleware
2022-06-16 15:25:11,416 INFO 22664 [egg-security] use xssProtection middleware
2022-06-16 15:25:11,416 INFO 22664 [egg-security] use xframe middleware
2022-06-16 15:25:11,417 INFO 22664 [egg-security] use dta middleware
2022-06-16 15:25:11,417 INFO 22664 [egg-security] compose 6 middlewares into one security middleware
2022-06-16 15:25:11,429 INFO 22664 [egg:core] dump config after load, 6ms
2022-06-16 15:25:11,490 INFO 22664 [egg-watcher:application] watcher start success
2022-06-16 15:25:11,494 INFO 22664 [egg-mysql] instance[0] status OK, rds currentTime: Thu Jun 16 2022 07:25:11 GMT+0800 (中国标准时间)
2022-06-16 15:25:11,505 INFO 22664 [egg:core] dump config after ready, 8ms
2022-06-16 15:55:38,179 INFO 9480 [egg:logger] init all loggers with options: {"dir":"D:\\person\\qiankun\\server\\logs\\server","encoding":"utf8","env":"local","level":"INFO","consoleLevel":"INFO","disableConsoleAfterReady":false,"outputJSON":false,"buffer":true,"appLogName":"server-web.log","coreLogName":"egg-web.log","agentLogName":"egg-agent.log","errorLogName":"common-error.log","coreLogger":{"consoleLevel":"WARN"},"allowDebugAtProd":false,"enablePerformanceTimer":false,"type":"application"}
2022-06-16 15:55:38,217 INFO 9480 [egg-multipart] stream mode enable
2022-06-16 15:55:38,223 INFO 9480 [egg-mysql] connecting root@localhost:3306/qk_system
2022-06-16 15:55:38,411 INFO 9480 [egg-static] starting static serve /public/ -> D:\person\qiankun\server\app\public
2022-06-16 15:55:38,415 INFO 9480 [egg-security] use methodnoallow middleware
2022-06-16 15:55:38,417 INFO 9480 [egg-security] use noopen middleware
2022-06-16 15:55:38,418 INFO 9480 [egg-security] use nosniff middleware
2022-06-16 15:55:38,419 INFO 9480 [egg-security] use xssProtection middleware
2022-06-16 15:55:38,420 INFO 9480 [egg-security] use xframe middleware
2022-06-16 15:55:38,421 INFO 9480 [egg-security] use dta middleware
2022-06-16 15:55:38,421 INFO 9480 [egg-security] compose 6 middlewares into one security middleware
2022-06-16 15:55:38,438 INFO 9480 [egg:core] dump config after load, 9ms
2022-06-16 15:55:38,507 INFO 9480 [egg-watcher:application] watcher start success
2022-06-16 15:55:38,512 INFO 9480 [egg-mysql] instance[0] status OK, rds currentTime: Thu Jun 16 2022 07:55:38 GMT+0800 (中国标准时间)
2022-06-16 15:55:38,523 INFO 9480 [egg:core] dump config after ready, 7ms
2022-06-16 15:55:40,018 INFO 18376 [egg:logger] init all loggers with options: {"dir":"D:\\person\\qiankun\\server\\logs\\server","encoding":"utf8","env":"local","level":"INFO","consoleLevel":"INFO","disableConsoleAfterReady":false,"outputJSON":false,"buffer":true,"appLogName":"server-web.log","coreLogName":"egg-web.log","agentLogName":"egg-agent.log","errorLogName":"common-error.log","coreLogger":{"consoleLevel":"WARN"},"allowDebugAtProd":false,"enablePerformanceTimer":false,"type":"application"}
2022-06-16 15:55:40,055 INFO 18376 [egg-multipart] stream mode enable
2022-06-16 15:55:40,058 INFO 18376 [egg-mysql] connecting root@localhost:3306/qk_system
2022-06-16 15:55:40,273 INFO 18376 [egg-static] starting static serve /public/ -> D:\person\qiankun\server\app\public
2022-06-16 15:55:40,277 INFO 18376 [egg-security] use methodnoallow middleware
2022-06-16 15:55:40,278 INFO 18376 [egg-security] use noopen middleware
2022-06-16 15:55:40,280 INFO 18376 [egg-security] use nosniff middleware
2022-06-16 15:55:40,282 INFO 18376 [egg-security] use xssProtection middleware
2022-06-16 15:55:40,284 INFO 18376 [egg-security] use xframe middleware
2022-06-16 15:55:40,285 INFO 18376 [egg-security] use dta middleware
2022-06-16 15:55:40,286 INFO 18376 [egg-security] compose 6 middlewares into one security middleware
2022-06-16 15:55:40,307 INFO 18376 [egg:core] dump config after load, 11ms
2022-06-16 15:55:40,381 INFO 18376 [egg-watcher:application] watcher start success
2022-06-16 15:55:40,387 INFO 18376 [egg-mysql] instance[0] status OK, rds currentTime: Thu Jun 16 2022 07:55:40 GMT+0800 (中国标准时间)
2022-06-16 15:55:40,396 INFO 18376 [egg:core] dump config after ready, 6ms
2022-06-16 16:14:07,967 INFO 22004 [egg:logger] init all loggers with options: {"dir":"D:\\person\\qiankun\\server\\logs\\server","encoding":"utf8","env":"local","level":"INFO","consoleLevel":"INFO","disableConsoleAfterReady":false,"outputJSON":false,"buffer":true,"appLogName":"server-web.log","coreLogName":"egg-web.log","agentLogName":"egg-agent.log","errorLogName":"common-error.log","coreLogger":{"consoleLevel":"WARN"},"allowDebugAtProd":false,"enablePerformanceTimer":false,"type":"application"}
2022-06-16 16:14:07,996 INFO 22004 [egg-multipart] stream mode enable
2022-06-16 16:14:08,000 INFO 22004 [egg-mysql] connecting root@localhost:3306/qk_system
2022-06-16 16:14:08,153 INFO 22004 [egg-static] starting static serve /public/ -> D:\person\qiankun\server\app\public
2022-06-16 16:14:08,155 INFO 22004 [egg-security] use methodnoallow middleware
2022-06-16 16:14:08,156 INFO 22004 [egg-security] use noopen middleware
2022-06-16 16:14:08,156 INFO 22004 [egg-security] use nosniff middleware
2022-06-16 16:14:08,157 INFO 22004 [egg-security] use xssProtection middleware
2022-06-16 16:14:08,157 INFO 22004 [egg-security] use xframe middleware
2022-06-16 16:14:08,158 INFO 22004 [egg-security] use dta middleware
2022-06-16 16:14:08,158 INFO 22004 [egg-security] compose 6 middlewares into one security middleware
2022-06-16 16:14:08,169 INFO 22004 [egg:core] dump config after load, 5ms
2022-06-16 16:14:08,223 INFO 22004 [egg-watcher:application] watcher start success
2022-06-16 16:14:08,229 INFO 22004 [egg-mysql] instance[0] status OK, rds currentTime: Thu Jun 16 2022 08:14:08 GMT+0800 (中国标准时间)
2022-06-16 16:14:08,247 INFO 22004 [egg:core] dump config after ready, 16ms
2022-06-16 16:14:09,481 INFO 2616 [egg:logger] init all loggers with options: {"dir":"D:\\person\\qiankun\\server\\logs\\server","encoding":"utf8","env":"local","level":"INFO","consoleLevel":"INFO","disableConsoleAfterReady":false,"outputJSON":false,"buffer":true,"appLogName":"server-web.log","coreLogName":"egg-web.log","agentLogName":"egg-agent.log","errorLogName":"common-error.log","coreLogger":{"consoleLevel":"WARN"},"allowDebugAtProd":false,"enablePerformanceTimer":false,"type":"application"}
2022-06-16 16:14:09,514 INFO 2616 [egg-multipart] stream mode enable
2022-06-16 16:14:09,517 INFO 2616 [egg-mysql] connecting root@localhost:3306/qk_system
2022-06-16 16:14:09,663 INFO 2616 [egg-static] starting static serve /public/ -> D:\person\qiankun\server\app\public
2022-06-16 16:14:09,666 INFO 2616 [egg-security] use methodnoallow middleware
2022-06-16 16:14:09,667 INFO 2616 [egg-security] use noopen middleware
2022-06-16 16:14:09,668 INFO 2616 [egg-security] use nosniff middleware
2022-06-16 16:14:09,668 INFO 2616 [egg-security] use xssProtection middleware
2022-06-16 16:14:09,669 INFO 2616 [egg-security] use xframe middleware
2022-06-16 16:14:09,669 INFO 2616 [egg-security] use dta middleware
2022-06-16 16:14:09,670 INFO 2616 [egg-security] compose 6 middlewares into one security middleware
2022-06-16 16:14:09,680 INFO 2616 [egg:core] dump config after load, 5ms
2022-06-16 16:14:09,731 INFO 2616 [egg-watcher:application] watcher start success
2022-06-16 16:14:09,736 INFO 2616 [egg-mysql] instance[0] status OK, rds currentTime: Thu Jun 16 2022 08:14:09 GMT+0800 (中国标准时间)
2022-06-16 16:14:09,746 INFO 2616 [egg:core] dump config after ready, 7ms
2022-06-16 16:55:52,907 INFO 4764 [egg:logger] init all loggers with options: {"dir":"D:\\person\\qiankun\\server\\logs\\server","encoding":"utf8","env":"local","level":"INFO","consoleLevel":"INFO","disableConsoleAfterReady":false,"outputJSON":false,"buffer":true,"appLogName":"server-web.log","coreLogName":"egg-web.log","agentLogName":"egg-agent.log","errorLogName":"common-error.log","coreLogger":{"consoleLevel":"WARN"},"allowDebugAtProd":false,"enablePerformanceTimer":false,"type":"application"}
2022-06-16 16:55:52,941 INFO 4764 [egg-multipart] stream mode enable
2022-06-16 16:55:52,946 INFO 4764 [egg-mysql] connecting root@localhost:3306/qk_system
2022-06-16 16:55:53,119 INFO 4764 [egg-static] starting static serve /public/ -> D:\person\qiankun\server\app\public
2022-06-16 16:55:53,122 INFO 4764 [egg-security] use methodnoallow middleware
2022-06-16 16:55:53,122 INFO 4764 [egg-security] use noopen middleware
2022-06-16 16:55:53,123 INFO 4764 [egg-security] use nosniff middleware
2022-06-16 16:55:53,124 INFO 4764 [egg-security] use xssProtection middleware
2022-06-16 16:55:53,124 INFO 4764 [egg-security] use xframe middleware
2022-06-16 16:55:53,125 INFO 4764 [egg-security] use dta middleware
2022-06-16 16:55:53,125 INFO 4764 [egg-security] compose 6 middlewares into one security middleware
2022-06-16 16:55:53,136 INFO 4764 [egg:core] dump config after load, 6ms
2022-06-16 16:55:53,188 INFO 4764 [egg-watcher:application] watcher start success
2022-06-16 16:55:53,200 INFO 4764 [egg-mysql] instance[0] status OK, rds currentTime: Thu Jun 16 2022 08:55:53 GMT+0800 (中国标准时间)
2022-06-16 16:55:53,212 INFO 4764 [egg:core] dump config after ready, 9ms
2022-06-16 16:55:54,546 INFO 22688 [egg:logger] init all loggers with options: {"dir":"D:\\person\\qiankun\\server\\logs\\server","encoding":"utf8","env":"local","level":"INFO","consoleLevel":"INFO","disableConsoleAfterReady":false,"outputJSON":false,"buffer":true,"appLogName":"server-web.log","coreLogName":"egg-web.log","agentLogName":"egg-agent.log","errorLogName":"common-error.log","coreLogger":{"consoleLevel":"WARN"},"allowDebugAtProd":false,"enablePerformanceTimer":false,"type":"application"}
2022-06-16 16:55:54,589 INFO 22688 [egg-multipart] stream mode enable
2022-06-16 16:55:54,595 INFO 22688 [egg-mysql] connecting root@localhost:3306/qk_system
2022-06-16 16:55:54,826 INFO 22688 [egg-static] starting static serve /public/ -> D:\person\qiankun\server\app\public
2022-06-16 16:55:54,831 INFO 22688 [egg-security] use methodnoallow middleware
2022-06-16 16:55:54,833 INFO 22688 [egg-security] use noopen middleware
2022-06-16 16:55:54,835 INFO 22688 [egg-security] use nosniff middleware
2022-06-16 16:55:54,837 INFO 22688 [egg-security] use xssProtection middleware
2022-06-16 16:55:54,839 INFO 22688 [egg-security] use xframe middleware
2022-06-16 16:55:54,841 INFO 22688 [egg-security] use dta middleware
2022-06-16 16:55:54,842 INFO 22688 [egg-security] compose 6 middlewares into one security middleware
2022-06-16 16:55:54,862 INFO 22688 [egg:core] dump config after load, 8ms
2022-06-16 16:55:54,927 INFO 22688 [egg-watcher:application] watcher start success
2022-06-16 16:55:54,932 INFO 22688 [egg-mysql] instance[0] status OK, rds currentTime: Thu Jun 16 2022 08:55:54 GMT+0800 (中国标准时间)
2022-06-16 16:55:54,944 INFO 22688 [egg:core] dump config after ready, 10ms
2022-06-16 17:16:34,781 INFO 22632 [egg:logger] init all loggers with options: {"dir":"D:\\person\\qiankun\\server\\logs\\server","encoding":"utf8","env":"local","level":"INFO","consoleLevel":"INFO","disableConsoleAfterReady":false,"outputJSON":false,"buffer":true,"appLogName":"server-web.log","coreLogName":"egg-web.log","agentLogName":"egg-agent.log","errorLogName":"common-error.log","coreLogger":{"consoleLevel":"WARN"},"allowDebugAtProd":false,"enablePerformanceTimer":false,"type":"application"}
2022-06-16 17:16:34,810 INFO 22632 [egg-multipart] stream mode enable
2022-06-16 17:16:34,814 INFO 22632 [egg-mysql] connecting root@localhost:3306/qk_system
2022-06-16 17:16:34,964 INFO 22632 [egg-static] starting static serve /public/ -> D:\person\qiankun\server\app\public
2022-06-16 17:16:34,966 INFO 22632 [egg-security] use methodnoallow middleware
2022-06-16 17:16:34,967 INFO 22632 [egg-security] use noopen middleware
2022-06-16 17:16:34,968 INFO 22632 [egg-security] use nosniff middleware
2022-06-16 17:16:34,969 INFO 22632 [egg-security] use xssProtection middleware
2022-06-16 17:16:34,970 INFO 22632 [egg-security] use xframe middleware
2022-06-16 17:16:34,970 INFO 22632 [egg-security] use dta middleware
2022-06-16 17:16:34,970 INFO 22632 [egg-security] compose 6 middlewares into one security middleware
2022-06-16 17:16:34,984 INFO 22632 [egg:core] dump config after load, 6ms
2022-06-16 17:16:35,046 INFO 22632 [egg-watcher:application] watcher start success
2022-06-16 17:16:35,050 INFO 22632 [egg-mysql] instance[0] status OK, rds currentTime: Thu Jun 16 2022 09:16:35 GMT+0800 (中国标准时间)
2022-06-16 17:16:35,060 INFO 22632 [egg:core] dump config after ready, 7ms
2022-06-16 17:16:36,420 INFO 20604 [egg:logger] init all loggers with options: {"dir":"D:\\person\\qiankun\\server\\logs\\server","encoding":"utf8","env":"local","level":"INFO","consoleLevel":"INFO","disableConsoleAfterReady":false,"outputJSON":false,"buffer":true,"appLogName":"server-web.log","coreLogName":"egg-web.log","agentLogName":"egg-agent.log","errorLogName":"common-error.log","coreLogger":{"consoleLevel":"WARN"},"allowDebugAtProd":false,"enablePerformanceTimer":false,"type":"application"}
2022-06-16 17:16:36,451 INFO 20604 [egg-multipart] stream mode enable
2022-06-16 17:16:36,455 INFO 20604 [egg-mysql] connecting root@localhost:3306/qk_system
2022-06-16 17:16:36,604 INFO 20604 [egg-static] starting static serve /public/ -> D:\person\qiankun\server\app\public
2022-06-16 17:16:36,606 INFO 20604 [egg-security] use methodnoallow middleware
2022-06-16 17:16:36,607 INFO 20604 [egg-security] use noopen middleware
2022-06-16 17:16:36,608 INFO 20604 [egg-security] use nosniff middleware
2022-06-16 17:16:36,608 INFO 20604 [egg-security] use xssProtection middleware
2022-06-16 17:16:36,609 INFO 20604 [egg-security] use xframe middleware
2022-06-16 17:16:36,609 INFO 20604 [egg-security] use dta middleware
2022-06-16 17:16:36,609 INFO 20604 [egg-security] compose 6 middlewares into one security middleware
2022-06-16 17:16:36,619 INFO 20604 [egg:core] dump config after load, 5ms
2022-06-16 17:16:36,669 INFO 20604 [egg-watcher:application] watcher start success
2022-06-16 17:16:36,674 INFO 20604 [egg-mysql] instance[0] status OK, rds currentTime: Thu Jun 16 2022 09:16:36 GMT+0800 (中国标准时间)
2022-06-16 17:16:36,682 INFO 20604 [egg:core] dump config after ready, 5ms
2022-06-16 17:17:57,379 INFO 22968 [egg:logger] init all loggers with options: {"dir":"D:\\person\\qiankun\\server\\logs\\server","encoding":"utf8","env":"local","level":"INFO","consoleLevel":"INFO","disableConsoleAfterReady":false,"outputJSON":false,"buffer":true,"appLogName":"server-web.log","coreLogName":"egg-web.log","agentLogName":"egg-agent.log","errorLogName":"common-error.log","coreLogger":{"consoleLevel":"WARN"},"allowDebugAtProd":false,"enablePerformanceTimer":false,"type":"application"}
2022-06-16 17:17:57,411 INFO 22968 [egg-multipart] stream mode enable
2022-06-16 17:17:57,415 INFO 22968 [egg-mysql] connecting root@localhost:3306/qk_system
2022-06-16 17:17:57,580 INFO 22968 [egg-static] starting static serve /public/ -> D:\person\qiankun\server\app\public
2022-06-16 17:17:57,582 INFO 22968 [egg-security] use methodnoallow middleware
2022-06-16 17:17:57,583 INFO 22968 [egg-security] use noopen middleware
2022-06-16 17:17:57,584 INFO 22968 [egg-security] use nosniff middleware
2022-06-16 17:17:57,585 INFO 22968 [egg-security] use xssProtection middleware
2022-06-16 17:17:57,586 INFO 22968 [egg-security] use xframe middleware
2022-06-16 17:17:57,586 INFO 22968 [egg-security] use dta middleware
2022-06-16 17:17:57,586 INFO 22968 [egg-security] compose 6 middlewares into one security middleware
2022-06-16 17:17:57,597 INFO 22968 [egg:core] dump config after load, 5ms
2022-06-16 17:17:57,655 INFO 22968 [egg-watcher:application] watcher start success
2022-06-16 17:17:57,659 INFO 22968 [egg-mysql] instance[0] status OK, rds currentTime: Thu Jun 16 2022 09:17:57 GMT+0800 (中国标准时间)
2022-06-16 17:17:57,668 INFO 22968 [egg:core] dump config after ready, 7ms
2022-06-16 17:18:21,275 INFO 19068 [egg:logger] init all loggers with options: {"dir":"D:\\person\\qiankun\\server\\logs\\server","encoding":"utf8","env":"local","level":"INFO","consoleLevel":"INFO","disableConsoleAfterReady":false,"outputJSON":false,"buffer":true,"appLogName":"server-web.log","coreLogName":"egg-web.log","agentLogName":"egg-agent.log","errorLogName":"common-error.log","coreLogger":{"consoleLevel":"WARN"},"allowDebugAtProd":false,"enablePerformanceTimer":false,"type":"application"}
2022-06-16 17:18:21,311 INFO 19068 [egg-multipart] stream mode enable
2022-06-16 17:18:21,316 INFO 19068 [egg-mysql] connecting root@localhost:3306/qk_system
2022-06-16 17:18:21,501 INFO 19068 [egg-static] starting static serve /public/ -> D:\person\qiankun\server\app\public
2022-06-16 17:18:21,504 INFO 19068 [egg-security] use methodnoallow middleware
2022-06-16 17:18:21,505 INFO 19068 [egg-security] use noopen middleware
2022-06-16 17:18:21,506 INFO 19068 [egg-security] use nosniff middleware
2022-06-16 17:18:21,507 INFO 19068 [egg-security] use xssProtection middleware
2022-06-16 17:18:21,508 INFO 19068 [egg-security] use xframe middleware
2022-06-16 17:18:21,509 INFO 19068 [egg-security] use dta middleware
2022-06-16 17:18:21,509 INFO 19068 [egg-security] compose 6 middlewares into one security middleware
2022-06-16 17:18:21,526 INFO 19068 [egg:core] dump config after load, 7ms
2022-06-16 17:18:21,603 INFO 19068 [egg-watcher:application] watcher start success
2022-06-16 17:18:21,608 INFO 19068 [egg-mysql] instance[0] status OK, rds currentTime: Thu Jun 16 2022 09:18:21 GMT+0800 (中国标准时间)
2022-06-16 17:18:21,619 INFO 19068 [egg:core] dump config after ready, 9ms
2022-06-16 17:18:46,820 INFO 22448 [egg:logger] init all loggers with options: {"dir":"D:\\person\\qiankun\\server\\logs\\server","encoding":"utf8","env":"local","level":"INFO","consoleLevel":"INFO","disableConsoleAfterReady":false,"outputJSON":false,"buffer":true,"appLogName":"server-web.log","coreLogName":"egg-web.log","agentLogName":"egg-agent.log","errorLogName":"common-error.log","coreLogger":{"consoleLevel":"WARN"},"allowDebugAtProd":false,"enablePerformanceTimer":false,"type":"application"}
2022-06-16 17:18:46,866 INFO 22448 [egg-multipart] stream mode enable
2022-06-16 17:18:46,871 INFO 22448 [egg-mysql] connecting root@localhost:3306/qk_system
2022-06-16 17:18:47,036 INFO 22448 [egg-static] starting static serve /public/ -> D:\person\qiankun\server\app\public
2022-06-16 17:18:47,039 INFO 22448 [egg-security] use methodnoallow middleware
2022-06-16 17:18:47,040 INFO 22448 [egg-security] use noopen middleware
2022-06-16 17:18:47,040 INFO 22448 [egg-security] use nosniff middleware
2022-06-16 17:18:47,041 INFO 22448 [egg-security] use xssProtection middleware
2022-06-16 17:18:47,042 INFO 22448 [egg-security] use xframe middleware
2022-06-16 17:18:47,042 INFO 22448 [egg-security] use dta middleware
2022-06-16 17:18:47,042 INFO 22448 [egg-security] compose 6 middlewares into one security middleware
2022-06-16 17:18:47,055 INFO 22448 [egg:core] dump config after load, 7ms
2022-06-16 17:18:47,109 INFO 22448 [egg-watcher:application] watcher start success
2022-06-16 17:18:47,113 INFO 22448 [egg-mysql] instance[0] status OK, rds currentTime: Thu Jun 16 2022 09:18:47 GMT+0800 (中国标准时间)
2022-06-16 17:18:47,123 INFO 22448 [egg:core] dump config after ready, 8ms
2022-06-16 17:20:02,689 INFO 11448 [egg:logger] init all loggers with options: {"dir":"D:\\person\\qiankun\\server\\logs\\server","encoding":"utf8","env":"local","level":"INFO","consoleLevel":"INFO","disableConsoleAfterReady":false,"outputJSON":false,"buffer":true,"appLogName":"server-web.log","coreLogName":"egg-web.log","agentLogName":"egg-agent.log","errorLogName":"common-error.log","coreLogger":{"consoleLevel":"WARN"},"allowDebugAtProd":false,"enablePerformanceTimer":false,"type":"application"}
2022-06-16 17:20:02,732 INFO 11448 [egg-multipart] stream mode enable
2022-06-16 17:20:02,742 INFO 11448 [egg-mysql] connecting root@localhost:3306/qk_system
2022-06-16 17:20:03,123 INFO 11448 [egg-static] starting static serve /public/ -> D:\person\qiankun\server\app\public
2022-06-16 17:20:03,133 INFO 11448 [egg-security] use methodnoallow middleware
2022-06-16 17:20:03,135 INFO 11448 [egg-security] use noopen middleware
2022-06-16 17:20:03,138 INFO 11448 [egg-security] use nosniff middleware
2022-06-16 17:20:03,139 INFO 11448 [egg-security] use xssProtection middleware
2022-06-16 17:20:03,141 INFO 11448 [egg-security] use xframe middleware
2022-06-16 17:20:03,146 INFO 11448 [egg-security] use dta middleware
2022-06-16 17:20:03,146 INFO 11448 [egg-security] compose 6 middlewares into one security middleware
2022-06-16 17:20:03,181 INFO 11448 [egg:core] dump config after load, 15ms
2022-06-16 17:20:03,264 INFO 11448 [egg-watcher:application] watcher start success
2022-06-16 17:20:03,269 INFO 11448 [egg-mysql] instance[0] status OK, rds currentTime: Thu Jun 16 2022 09:20:03 GMT+0800 (中国标准时间)
2022-06-16 17:20:03,278 INFO 11448 [egg:core] dump config after ready, 6ms
2022-06-16 17:20:54,379 INFO 24448 [egg:logger] init all loggers with options: {"dir":"D:\\person\\qiankun\\server\\logs\\server","encoding":"utf8","env":"local","level":"INFO","consoleLevel":"INFO","disableConsoleAfterReady":false,"outputJSON":false,"buffer":true,"appLogName":"server-web.log","coreLogName":"egg-web.log","agentLogName":"egg-agent.log","errorLogName":"common-error.log","coreLogger":{"consoleLevel":"WARN"},"allowDebugAtProd":false,"enablePerformanceTimer":false,"type":"application"}
2022-06-16 17:20:54,412 INFO 24448 [egg-multipart] stream mode enable
2022-06-16 17:20:54,416 INFO 24448 [egg-mysql] connecting root@localhost:3306/qk_system
2022-06-16 17:20:54,573 INFO 24448 [egg-static] starting static serve /public/ -> D:\person\qiankun\server\app\public
2022-06-16 17:20:54,576 INFO 24448 [egg-security] use methodnoallow middleware
2022-06-16 17:20:54,576 INFO 24448 [egg-security] use noopen middleware
2022-06-16 17:20:54,577 INFO 24448 [egg-security] use nosniff middleware
2022-06-16 17:20:54,578 INFO 24448 [egg-security] use xssProtection middleware
2022-06-16 17:20:54,578 INFO 24448 [egg-security] use xframe middleware
2022-06-16 17:20:54,579 INFO 24448 [egg-security] use dta middleware
2022-06-16 17:20:54,579 INFO 24448 [egg-security] compose 6 middlewares into one security middleware
2022-06-16 17:20:54,592 INFO 24448 [egg:core] dump config after load, 6ms
2022-06-16 17:20:54,650 INFO 24448 [egg-watcher:application] watcher start success
2022-06-16 17:20:54,654 INFO 24448 [egg-mysql] instance[0] status OK, rds currentTime: Thu Jun 16 2022 09:20:54 GMT+0800 (中国标准时间)
2022-06-16 17:20:54,662 INFO 24448 [egg:core] dump config after ready, 6ms
2022-06-16 17:21:33,521 INFO 10792 [egg:logger] init all loggers with options: {"dir":"D:\\person\\qiankun\\server\\logs\\server","encoding":"utf8","env":"local","level":"INFO","consoleLevel":"INFO","disableConsoleAfterReady":false,"outputJSON":false,"buffer":true,"appLogName":"server-web.log","coreLogName":"egg-web.log","agentLogName":"egg-agent.log","errorLogName":"common-error.log","coreLogger":{"consoleLevel":"WARN"},"allowDebugAtProd":false,"enablePerformanceTimer":false,"type":"application"}
2022-06-16 17:21:33,554 INFO 10792 [egg-multipart] stream mode enable
2022-06-16 17:21:33,558 INFO 10792 [egg-mysql] connecting root@localhost:3306/qk_system
2022-06-16 17:21:33,710 INFO 10792 [egg-static] starting static serve /public/ -> D:\person\qiankun\server\app\public
2022-06-16 17:21:33,713 INFO 10792 [egg-security] use methodnoallow middleware
2022-06-16 17:21:33,714 INFO 10792 [egg-security] use noopen middleware
2022-06-16 17:21:33,715 INFO 10792 [egg-security] use nosniff middleware
2022-06-16 17:21:33,715 INFO 10792 [egg-security] use xssProtection middleware
2022-06-16 17:21:33,716 INFO 10792 [egg-security] use xframe middleware
2022-06-16 17:21:33,716 INFO 10792 [egg-security] use dta middleware
2022-06-16 17:21:33,717 INFO 10792 [egg-security] compose 6 middlewares into one security middleware
2022-06-16 17:21:33,729 INFO 10792 [egg:core] dump config after load, 6ms
2022-06-16 17:21:33,785 INFO 10792 [egg-watcher:application] watcher start success
2022-06-16 17:21:33,789 INFO 10792 [egg-mysql] instance[0] status OK, rds currentTime: Thu Jun 16 2022 09:21:33 GMT+0800 (中国标准时间)
2022-06-16 17:21:33,810 INFO 10792 [egg:core] dump config after ready, 19ms
2022-06-16 17:21:41,663 INFO 23120 [egg:logger] init all loggers with options: {"dir":"D:\\person\\qiankun\\server\\logs\\server","encoding":"utf8","env":"local","level":"INFO","consoleLevel":"INFO","disableConsoleAfterReady":false,"outputJSON":false,"buffer":true,"appLogName":"server-web.log","coreLogName":"egg-web.log","agentLogName":"egg-agent.log","errorLogName":"common-error.log","coreLogger":{"consoleLevel":"WARN"},"allowDebugAtProd":false,"enablePerformanceTimer":false,"type":"application"}
2022-06-16 17:21:41,697 INFO 23120 [egg-multipart] stream mode enable
2022-06-16 17:21:41,702 INFO 23120 [egg-mysql] connecting root@localhost:3306/qk_system
2022-06-16 17:21:41,857 INFO 23120 [egg-static] starting static serve /public/ -> D:\person\qiankun\server\app\public
2022-06-16 17:21:41,860 INFO 23120 [egg-security] use methodnoallow middleware
2022-06-16 17:21:41,861 INFO 23120 [egg-security] use noopen middleware
2022-06-16 17:21:41,862 INFO 23120 [egg-security] use nosniff middleware
2022-06-16 17:21:41,862 INFO 23120 [egg-security] use xssProtection middleware
2022-06-16 17:21:41,863 INFO 23120 [egg-security] use xframe middleware
2022-06-16 17:21:41,863 INFO 23120 [egg-security] use dta middleware
2022-06-16 17:21:41,863 INFO 23120 [egg-security] compose 6 middlewares into one security middleware
2022-06-16 17:21:41,876 INFO 23120 [egg:core] dump config after load, 7ms
2022-06-16 17:21:41,928 INFO 23120 [egg-watcher:application] watcher start success
2022-06-16 17:21:41,932 INFO 23120 [egg-mysql] instance[0] status OK, rds currentTime: Thu Jun 16 2022 09:21:41 GMT+0800 (中国标准时间)
2022-06-16 17:21:41,941 INFO 23120 [egg:core] dump config after ready, 7ms
2022-06-16 17:23:01,426 INFO 24140 [egg:logger] init all loggers with options: {"dir":"D:\\person\\qiankun\\server\\logs\\server","encoding":"utf8","env":"local","level":"INFO","consoleLevel":"INFO","disableConsoleAfterReady":false,"outputJSON":false,"buffer":true,"appLogName":"server-web.log","coreLogName":"egg-web.log","agentLogName":"egg-agent.log","errorLogName":"common-error.log","coreLogger":{"consoleLevel":"WARN"},"allowDebugAtProd":false,"enablePerformanceTimer":false,"type":"application"}
2022-06-16 17:23:01,461 INFO 24140 [egg-multipart] stream mode enable
2022-06-16 17:23:01,465 INFO 24140 [egg-mysql] connecting root@localhost:3306/qk_system
2022-06-16 17:23:01,626 INFO 24140 [egg-static] starting static serve /public/ -> D:\person\qiankun\server\app\public
2022-06-16 17:23:01,628 INFO 24140 [egg-security] use methodnoallow middleware
2022-06-16 17:23:01,629 INFO 24140 [egg-security] use noopen middleware
2022-06-16 17:23:01,630 INFO 24140 [egg-security] use nosniff middleware
2022-06-16 17:23:01,631 INFO 24140 [egg-security] use xssProtection middleware
2022-06-16 17:23:01,631 INFO 24140 [egg-security] use xframe middleware
2022-06-16 17:23:01,632 INFO 24140 [egg-security] use dta middleware
2022-06-16 17:23:01,632 INFO 24140 [egg-security] compose 6 middlewares into one security middleware
2022-06-16 17:23:01,643 INFO 24140 [egg:core] dump config after load, 5ms
2022-06-16 17:23:01,700 INFO 24140 [egg-watcher:application] watcher start success
2022-06-16 17:23:01,705 INFO 24140 [egg-mysql] instance[0] status OK, rds currentTime: Thu Jun 16 2022 09:23:01 GMT+0800 (中国标准时间)
2022-06-16 17:23:01,715 INFO 24140 [egg:core] dump config after ready, 8ms
2022-06-16 17:42:12,693 INFO 13772 [egg:logger] init all loggers with options: {"dir":"D:\\person\\qiankun\\server\\logs\\server","encoding":"utf8","env":"local","level":"INFO","consoleLevel":"INFO","disableConsoleAfterReady":false,"outputJSON":false,"buffer":true,"appLogName":"server-web.log","coreLogName":"egg-web.log","agentLogName":"egg-agent.log","errorLogName":"common-error.log","coreLogger":{"consoleLevel":"WARN"},"allowDebugAtProd":false,"enablePerformanceTimer":false,"type":"application"}
2022-06-16 17:42:12,730 INFO 13772 [egg-multipart] stream mode enable
2022-06-16 17:42:12,736 INFO 13772 [egg-mysql] connecting root@localhost:3306/qk_system
2022-06-16 17:42:12,907 INFO 13772 [egg-static] starting static serve /public/ -> D:\person\qiankun\server\app\public
2022-06-16 17:42:12,911 INFO 13772 [egg-security] use methodnoallow middleware
2022-06-16 17:42:12,911 INFO 13772 [egg-security] use noopen middleware
2022-06-16 17:42:12,912 INFO 13772 [egg-security] use nosniff middleware
2022-06-16 17:42:12,913 INFO 13772 [egg-security] use xssProtection middleware
2022-06-16 17:42:12,913 INFO 13772 [egg-security] use xframe middleware
2022-06-16 17:42:12,914 INFO 13772 [egg-security] use dta middleware
2022-06-16 17:42:12,914 INFO 13772 [egg-security] compose 6 middlewares into one security middleware
2022-06-16 17:42:12,925 INFO 13772 [egg:core] dump config after load, 5ms
2022-06-16 17:42:12,988 INFO 13772 [egg-watcher:application] watcher start success
2022-06-16 17:42:12,993 INFO 13772 [egg-mysql] instance[0] status OK, rds currentTime: Thu Jun 16 2022 09:42:12 GMT+0800 (中国标准时间)
2022-06-16 17:42:13,003 INFO 13772 [egg:core] dump config after ready, 8ms
2022-06-16 17:42:23,414 INFO 13620 [egg:logger] init all loggers with options: {"dir":"D:\\person\\qiankun\\server\\logs\\server","encoding":"utf8","env":"local","level":"INFO","consoleLevel":"INFO","disableConsoleAfterReady":false,"outputJSON":false,"buffer":true,"appLogName":"server-web.log","coreLogName":"egg-web.log","agentLogName":"egg-agent.log","errorLogName":"common-error.log","coreLogger":{"consoleLevel":"WARN"},"allowDebugAtProd":false,"enablePerformanceTimer":false,"type":"application"}
2022-06-16 17:42:23,461 INFO 13620 [egg-multipart] stream mode enable
2022-06-16 17:42:23,468 INFO 13620 [egg-mysql] connecting root@localhost:3306/qk_system
2022-06-16 17:42:23,651 INFO 13620 [egg-static] starting static serve /public/ -> D:\person\qiankun\server\app\public
2022-06-16 17:42:23,654 INFO 13620 [egg-security] use methodnoallow middleware
2022-06-16 17:42:23,655 INFO 13620 [egg-security] use noopen middleware
2022-06-16 17:42:23,656 INFO 13620 [egg-security] use nosniff middleware
2022-06-16 17:42:23,657 INFO 13620 [egg-security] use xssProtection middleware
2022-06-16 17:42:23,657 INFO 13620 [egg-security] use xframe middleware
2022-06-16 17:42:23,658 INFO 13620 [egg-security] use dta middleware
2022-06-16 17:42:23,658 INFO 13620 [egg-security] compose 6 middlewares into one security middleware
2022-06-16 17:42:23,672 INFO 13620 [egg:core] dump config after load, 6ms
2022-06-16 17:42:23,728 INFO 13620 [egg-watcher:application] watcher start success
2022-06-16 17:42:23,733 INFO 13620 [egg-mysql] instance[0] status OK, rds currentTime: Thu Jun 16 2022 09:42:23 GMT+0800 (中国标准时间)
2022-06-16 17:42:23,751 INFO 13620 [egg:core] dump config after ready, 16ms
2022-06-16 17:57:57,927 INFO 10756 [egg:logger] init all loggers with options: {"dir":"D:\\person\\qiankun\\server\\logs\\server","encoding":"utf8","env":"local","level":"INFO","consoleLevel":"INFO","disableConsoleAfterReady":false,"outputJSON":false,"buffer":true,"appLogName":"server-web.log","coreLogName":"egg-web.log","agentLogName":"egg-agent.log","errorLogName":"common-error.log","coreLogger":{"consoleLevel":"WARN"},"allowDebugAtProd":false,"enablePerformanceTimer":false,"type":"application"}
2022-06-16 17:57:57,959 INFO 10756 [egg-multipart] stream mode enable
2022-06-16 17:57:57,964 INFO 10756 [egg-mysql] connecting root@localhost:3306/qk_system
2022-06-16 17:57:58,143 INFO 10756 [egg-static] starting static serve /public/ -> D:\person\qiankun\server\app\public
2022-06-16 17:57:58,147 INFO 10756 [egg-security] use methodnoallow middleware
2022-06-16 17:57:58,148 INFO 10756 [egg-security] use noopen middleware
2022-06-16 17:57:58,149 INFO 10756 [egg-security] use nosniff middleware
2022-06-16 17:57:58,149 INFO 10756 [egg-security] use xssProtection middleware
2022-06-16 17:57:58,150 INFO 10756 [egg-security] use xframe middleware
2022-06-16 17:57:58,151 INFO 10756 [egg-security] use dta middleware
2022-06-16 17:57:58,151 INFO 10756 [egg-security] compose 6 middlewares into one security middleware
2022-06-16 17:57:58,164 INFO 10756 [egg:core] dump config after load, 6ms
2022-06-16 17:57:58,224 INFO 10756 [egg-watcher:application] watcher start success
2022-06-16 17:57:58,229 INFO 10756 [egg-mysql] instance[0] status OK, rds currentTime: Thu Jun 16 2022 09:57:58 GMT+0800 (中国标准时间)
2022-06-16 17:57:58,237 INFO 10756 [egg:core] dump config after ready, 6ms
2022-06-16 17:57:59,598 INFO 14028 [egg:logger] init all loggers with options: {"dir":"D:\\person\\qiankun\\server\\logs\\server","encoding":"utf8","env":"local","level":"INFO","consoleLevel":"INFO","disableConsoleAfterReady":false,"outputJSON":false,"buffer":true,"appLogName":"server-web.log","coreLogName":"egg-web.log","agentLogName":"egg-agent.log","errorLogName":"common-error.log","coreLogger":{"consoleLevel":"WARN"},"allowDebugAtProd":false,"enablePerformanceTimer":false,"type":"application"}
2022-06-16 17:57:59,639 INFO 14028 [egg-multipart] stream mode enable
2022-06-16 17:57:59,645 INFO 14028 [egg-mysql] connecting root@localhost:3306/qk_system
2022-06-16 17:57:59,863 INFO 14028 [egg-static] starting static serve /public/ -> D:\person\qiankun\server\app\public
2022-06-16 17:57:59,867 INFO 14028 [egg-security] use methodnoallow middleware
2022-06-16 17:57:59,868 INFO 14028 [egg-security] use noopen middleware
2022-06-16 17:57:59,869 INFO 14028 [egg-security] use nosniff middleware
2022-06-16 17:57:59,869 INFO 14028 [egg-security] use xssProtection middleware
2022-06-16 17:57:59,870 INFO 14028 [egg-security] use xframe middleware
2022-06-16 17:57:59,871 INFO 14028 [egg-security] use dta middleware
2022-06-16 17:57:59,871 INFO 14028 [egg-security] compose 6 middlewares into one security middleware
2022-06-16 17:57:59,887 INFO 14028 [egg:core] dump config after load, 8ms
2022-06-16 17:57:59,951 INFO 14028 [egg-watcher:application] watcher start success
2022-06-16 17:57:59,957 INFO 14028 [egg-mysql] instance[0] status OK, rds currentTime: Thu Jun 16 2022 09:57:59 GMT+0800 (中国标准时间)
2022-06-16 17:57:59,967 INFO 14028 [egg:core] dump config after ready, 7ms
2022-06-16 18:18:14,561 INFO 16120 [egg:logger] init all loggers with options: {"dir":"D:\\person\\qiankun\\server\\logs\\server","encoding":"utf8","env":"local","level":"INFO","consoleLevel":"INFO","disableConsoleAfterReady":false,"outputJSON":false,"buffer":true,"appLogName":"server-web.log","coreLogName":"egg-web.log","agentLogName":"egg-agent.log","errorLogName":"common-error.log","coreLogger":{"consoleLevel":"WARN"},"allowDebugAtProd":false,"enablePerformanceTimer":false,"type":"application"}
2022-06-16 18:18:14,593 INFO 16120 [egg-multipart] stream mode enable
2022-06-16 18:18:14,596 INFO 16120 [egg-mysql] connecting root@localhost:3306/qk_system
2022-06-16 18:18:14,747 INFO 16120 [egg-static] starting static serve /public/ -> D:\person\qiankun\server\app\public
2022-06-16 18:18:14,749 INFO 16120 [egg-security] use methodnoallow middleware
2022-06-16 18:18:14,750 INFO 16120 [egg-security] use noopen middleware
2022-06-16 18:18:14,750 INFO 16120 [egg-security] use nosniff middleware
2022-06-16 18:18:14,751 INFO 16120 [egg-security] use xssProtection middleware
2022-06-16 18:18:14,751 INFO 16120 [egg-security] use xframe middleware
2022-06-16 18:18:14,752 INFO 16120 [egg-security] use dta middleware
2022-06-16 18:18:14,752 INFO 16120 [egg-security] compose 6 middlewares into one security middleware
2022-06-16 18:18:14,765 INFO 16120 [egg:core] dump config after load, 6ms
2022-06-16 18:18:14,817 INFO 16120 [egg-watcher:application] watcher start success
2022-06-16 18:18:14,822 INFO 16120 [egg-mysql] instance[0] status OK, rds currentTime: Thu Jun 16 2022 10:18:14 GMT+0800 (中国标准时间)
2022-06-16 18:18:14,831 INFO 16120 [egg:core] dump config after ready, 7ms
2022-06-16 18:18:16,179 INFO 23592 [egg:logger] init all loggers with options: {"dir":"D:\\person\\qiankun\\server\\logs\\server","encoding":"utf8","env":"local","level":"INFO","consoleLevel":"INFO","disableConsoleAfterReady":false,"outputJSON":false,"buffer":true,"appLogName":"server-web.log","coreLogName":"egg-web.log","agentLogName":"egg-agent.log","errorLogName":"common-error.log","coreLogger":{"consoleLevel":"WARN"},"allowDebugAtProd":false,"enablePerformanceTimer":false,"type":"application"}
2022-06-16 18:18:16,211 INFO 23592 [egg-multipart] stream mode enable
2022-06-16 18:18:16,216 INFO 23592 [egg-mysql] connecting root@localhost:3306/qk_system
2022-06-16 18:18:16,405 INFO 23592 [egg-static] starting static serve /public/ -> D:\person\qiankun\server\app\public
2022-06-16 18:18:16,408 INFO 23592 [egg-security] use methodnoallow middleware
2022-06-16 18:18:16,409 INFO 23592 [egg-security] use noopen middleware
2022-06-16 18:18:16,410 INFO 23592 [egg-security] use nosniff middleware
2022-06-16 18:18:16,411 INFO 23592 [egg-security] use xssProtection middleware
2022-06-16 18:18:16,412 INFO 23592 [egg-security] use xframe middleware
2022-06-16 18:18:16,412 INFO 23592 [egg-security] use dta middleware
2022-06-16 18:18:16,413 INFO 23592 [egg-security] compose 6 middlewares into one security middleware
2022-06-16 18:18:16,428 INFO 23592 [egg:core] dump config after load, 6ms
2022-06-16 18:18:16,484 INFO 23592 [egg-watcher:application] watcher start success
2022-06-16 18:18:16,488 INFO 23592 [egg-mysql] instance[0] status OK, rds currentTime: Thu Jun 16 2022 10:18:16 GMT+0800 (中国标准时间)
2022-06-16 18:18:16,501 INFO 23592 [egg:core] dump config after ready, 11ms
2022-06-16 18:18:22,652 INFO 20888 [egg:logger] init all loggers with options: {"dir":"D:\\person\\qiankun\\server\\logs\\server","encoding":"utf8","env":"local","level":"INFO","consoleLevel":"INFO","disableConsoleAfterReady":false,"outputJSON":false,"buffer":true,"appLogName":"server-web.log","coreLogName":"egg-web.log","agentLogName":"egg-agent.log","errorLogName":"common-error.log","coreLogger":{"consoleLevel":"WARN"},"allowDebugAtProd":false,"enablePerformanceTimer":false,"type":"application"}
2022-06-16 18:18:22,687 INFO 20888 [egg-multipart] stream mode enable
2022-06-16 18:18:22,694 INFO 20888 [egg-mysql] connecting root@localhost:3306/late
2022-06-16 18:18:22,890 INFO 20888 [egg-static] starting static serve /public/ -> D:\person\qiankun\server\app\public
2022-06-16 18:18:22,895 INFO 20888 [egg-security] use methodnoallow middleware
2022-06-16 18:18:22,932 INFO 20888 [egg-security] use noopen middleware
2022-06-16 18:18:22,954 INFO 20888 [egg-security] use nosniff middleware
2022-06-16 18:18:22,956 INFO 20888 [egg-security] use xssProtection middleware
2022-06-16 18:18:22,957 INFO 20888 [egg-security] use xframe middleware
2022-06-16 18:18:22,958 INFO 20888 [egg-security] use dta middleware
2022-06-16 18:18:22,958 INFO 20888 [egg-security] compose 6 middlewares into one security middleware
2022-06-16 18:18:22,971 INFO 20888 [egg:core] dump config after load, 6ms
2022-06-16 18:18:23,039 INFO 20888 [egg-watcher:application] watcher start success
2022-06-16 18:18:23,043 INFO 20888 [egg-mysql] instance[0] status OK, rds currentTime: Thu Jun 16 2022 10:18:23 GMT+0800 (中国标准时间)
2022-06-16 18:18:23,065 INFO 20888 [egg:core] dump config after ready, 20ms
