2022-07-10 00:00:14,323 INFO 20204 [egg-swagger-doc] register router: get /swagger-doc
2022-07-10 00:00:14,349 INFO 20204 [egg-swagger-doc] register router: get /swagger-ui.html
2022-07-10 00:00:14,429 INFO 20204 [egg-sequelize](2ms) Executed (default): SELECT 1+1 AS result
2022-07-10 00:00:20,570 INFO 20204 [egg-sequelize](13ms) Executed (default): INSERT INTO `systems` (`id`,`name`,`container`,`created_at`,`updated_at`) VALUES (DEFAULT,?,?,?,?);
2022-07-10 00:00:45,042 INFO 17284 [egg-swagger-doc] register router: get /swagger-doc
2022-07-10 00:00:45,070 INFO 17284 [egg-swagger-doc] register router: get /swagger-ui.html
2022-07-10 00:00:45,166 INFO 17284 [egg-sequelize](3ms) Executed (default): SELECT 1+1 AS result
2022-07-10 00:00:55,721 INFO 17284 [egg-sequelize](25ms) Executed (default): INSERT INTO `systems` (`id`,`name`,`container`,`created_at`,`updated_at`) VALUES (DEFAULT,?,?,?,?);
2022-07-10 00:01:32,773 INFO 6156 [egg-swagger-doc] register router: get /swagger-doc
2022-07-10 00:01:32,800 INFO 6156 [egg-swagger-doc] register router: get /swagger-ui.html
2022-07-10 00:01:32,876 INFO 6156 [egg-sequelize](2ms) Executed (default): SELECT 1+1 AS result
2022-07-10 00:02:34,849 INFO 6156 [egg-sequelize](15ms) Executed (default): INSERT INTO `systems` (`id`,`name`,`container`,`created_at`,`updated_at`) VALUES (DEFAULT,?,?,?,?);
2022-07-10 00:02:35,230 INFO 6156 [egg-sequelize](6ms) Executed (default): INSERT INTO `systems` (`id`,`name`,`container`,`created_at`,`updated_at`) VALUES (DEFAULT,?,?,?,?);
2022-07-10 00:02:35,453 INFO 6156 [egg-sequelize](5ms) Executed (default): INSERT INTO `systems` (`id`,`name`,`container`,`created_at`,`updated_at`) VALUES (DEFAULT,?,?,?,?);
2022-07-10 00:02:35,668 INFO 6156 [egg-sequelize](5ms) Executed (default): INSERT INTO `systems` (`id`,`name`,`container`,`created_at`,`updated_at`) VALUES (DEFAULT,?,?,?,?);
2022-07-10 00:02:35,835 INFO 6156 [egg-sequelize](6ms) Executed (default): INSERT INTO `systems` (`id`,`name`,`container`,`created_at`,`updated_at`) VALUES (DEFAULT,?,?,?,?);
2022-07-10 00:02:36,013 INFO 6156 [egg-sequelize](5ms) Executed (default): INSERT INTO `systems` (`id`,`name`,`container`,`created_at`,`updated_at`) VALUES (DEFAULT,?,?,?,?);
2022-07-10 00:02:36,187 INFO 6156 [egg-sequelize](5ms) Executed (default): INSERT INTO `systems` (`id`,`name`,`container`,`created_at`,`updated_at`) VALUES (DEFAULT,?,?,?,?);
2022-07-10 00:02:36,361 INFO 6156 [egg-sequelize](5ms) Executed (default): INSERT INTO `systems` (`id`,`name`,`container`,`created_at`,`updated_at`) VALUES (DEFAULT,?,?,?,?);
2022-07-10 00:02:36,533 INFO 6156 [egg-sequelize](7ms) Executed (default): INSERT INTO `systems` (`id`,`name`,`container`,`created_at`,`updated_at`) VALUES (DEFAULT,?,?,?,?);
2022-07-10 00:02:36,726 INFO 6156 [egg-sequelize](11ms) Executed (default): INSERT INTO `systems` (`id`,`name`,`container`,`created_at`,`updated_at`) VALUES (DEFAULT,?,?,?,?);
2022-07-10 00:02:36,892 INFO 6156 [egg-sequelize](6ms) Executed (default): INSERT INTO `systems` (`id`,`name`,`container`,`created_at`,`updated_at`) VALUES (DEFAULT,?,?,?,?);
2022-07-10 00:02:37,065 INFO 6156 [egg-sequelize](6ms) Executed (default): INSERT INTO `systems` (`id`,`name`,`container`,`created_at`,`updated_at`) VALUES (DEFAULT,?,?,?,?);
2022-07-10 00:02:37,236 INFO 6156 [egg-sequelize](5ms) Executed (default): INSERT INTO `systems` (`id`,`name`,`container`,`created_at`,`updated_at`) VALUES (DEFAULT,?,?,?,?);
2022-07-10 00:02:37,412 INFO 6156 [egg-sequelize](6ms) Executed (default): INSERT INTO `systems` (`id`,`name`,`container`,`created_at`,`updated_at`) VALUES (DEFAULT,?,?,?,?);
2022-07-10 00:02:37,593 INFO 6156 [egg-sequelize](4ms) Executed (default): INSERT INTO `systems` (`id`,`name`,`container`,`created_at`,`updated_at`) VALUES (DEFAULT,?,?,?,?);
2022-07-10 00:02:37,778 INFO 6156 [egg-sequelize](5ms) Executed (default): INSERT INTO `systems` (`id`,`name`,`container`,`created_at`,`updated_at`) VALUES (DEFAULT,?,?,?,?);
2022-07-10 00:02:37,937 INFO 6156 [egg-sequelize](5ms) Executed (default): INSERT INTO `systems` (`id`,`name`,`container`,`created_at`,`updated_at`) VALUES (DEFAULT,?,?,?,?);
2022-07-10 00:02:38,105 INFO 6156 [egg-sequelize](5ms) Executed (default): INSERT INTO `systems` (`id`,`name`,`container`,`created_at`,`updated_at`) VALUES (DEFAULT,?,?,?,?);
2022-07-10 00:02:38,275 INFO 6156 [egg-sequelize](5ms) Executed (default): INSERT INTO `systems` (`id`,`name`,`container`,`created_at`,`updated_at`) VALUES (DEFAULT,?,?,?,?);
2022-07-10 00:02:38,446 INFO 6156 [egg-sequelize](4ms) Executed (default): INSERT INTO `systems` (`id`,`name`,`container`,`created_at`,`updated_at`) VALUES (DEFAULT,?,?,?,?);
2022-07-10 00:02:38,615 INFO 6156 [egg-sequelize](5ms) Executed (default): INSERT INTO `systems` (`id`,`name`,`container`,`created_at`,`updated_at`) VALUES (DEFAULT,?,?,?,?);
2022-07-10 00:06:17,862 INFO 20516 [egg-swagger-doc] register router: get /swagger-doc
2022-07-10 00:06:17,887 INFO 20516 [egg-swagger-doc] register router: get /swagger-ui.html
2022-07-10 00:06:17,963 INFO 20516 [egg-sequelize](2ms) Executed (default): SELECT 1+1 AS result
2022-07-10 00:06:19,833 INFO 10960 [egg-swagger-doc] register router: get /swagger-doc
2022-07-10 00:06:19,858 INFO 10960 [egg-swagger-doc] register router: get /swagger-ui.html
2022-07-10 00:06:19,936 INFO 10960 [egg-sequelize](2ms) Executed (default): SELECT 1+1 AS result
2022-07-10 00:06:21,585 INFO 20532 [egg-swagger-doc] register router: get /swagger-doc
2022-07-10 00:06:21,614 INFO 20532 [egg-swagger-doc] register router: get /swagger-ui.html
2022-07-10 00:06:21,693 INFO 20532 [egg-sequelize](2ms) Executed (default): SELECT 1+1 AS result
2022-07-10 00:06:36,741 INFO 20532 [egg-sequelize](10ms) Executed (default): INSERT INTO `systems` (`id`,`name`,`container`,`entry`,`created_at`,`updated_at`) VALUES (DEFAULT,?,?,?,?,?);
2022-07-10 00:09:42,237 INFO 8556 [egg-swagger-doc] register router: get /swagger-doc
2022-07-10 00:09:42,263 INFO 8556 [egg-swagger-doc] register router: get /swagger-ui.html
2022-07-10 00:09:42,344 INFO 8556 [egg-sequelize](2ms) Executed (default): SELECT 1+1 AS result
2022-07-10 21:12:09,160 INFO 20516 [egg-swagger-doc] register router: get /swagger-doc
2022-07-10 21:12:09,195 INFO 20516 [egg-swagger-doc] register router: get /swagger-ui.html
2022-07-10 21:12:09,285 INFO 20516 [egg-sequelize](3ms) Executed (default): SELECT 1+1 AS result
2022-07-10 21:12:10,395 INFO 3124 [egg-swagger-doc] register router: get /swagger-doc
2022-07-10 21:12:10,420 INFO 3124 [egg-swagger-doc] register router: get /swagger-ui.html
2022-07-10 21:12:10,501 INFO 3124 [egg-sequelize](1ms) Executed (default): SELECT 1+1 AS result
2022-07-10 21:12:12,151 INFO 3324 [egg-swagger-doc] register router: get /swagger-doc
2022-07-10 21:12:12,177 INFO 3324 [egg-swagger-doc] register router: get /swagger-ui.html
2022-07-10 21:12:12,279 INFO 3324 [egg-sequelize](3ms) Executed (default): SELECT 1+1 AS result
2022-07-10 21:12:18,649 INFO 3324 [egg-sequelize](21ms) Executed (default): SELECT `id`, `user_name` AS `userName`, `nick_name` AS `nickName`, `created_at` AS `createdAt`, `updated_at` AS `updatedAt`, `password`, `token` FROM `users` AS `user` LIMIT 1;
2022-07-10 21:12:18,677 INFO 3324 [egg-sequelize](12ms) Executed (default): UPDATE `users` SET `token`=?,`updated_at`=? WHERE `id` = ?
2022-07-10 21:12:57,347 INFO 20072 [egg-swagger-doc] register router: get /swagger-doc
2022-07-10 21:12:57,373 INFO 20072 [egg-swagger-doc] register router: get /swagger-ui.html
2022-07-10 21:12:57,454 INFO 20072 [egg-sequelize](3ms) Executed (default): SELECT 1+1 AS result
2022-07-10 21:15:02,222 INFO 20072 [egg-sequelize](5ms) Executed (default): SELECT `id`, `user_name` AS `userName`, `nick_name` AS `nickName`, `created_at` AS `createdAt`, `updated_at` AS `updatedAt`, `password`, `token` FROM `users` AS `user` LIMIT 1;
2022-07-10 21:15:02,259 INFO 20072 [egg-sequelize](12ms) Executed (default): UPDATE `users` SET `token`=?,`updated_at`=? WHERE `id` = ?
2022-07-10 21:15:23,383 INFO 20072 [egg-sequelize](4ms) Executed (default): SELECT `id`, `user_name` AS `userName`, `nick_name` AS `nickName`, `created_at` AS `createdAt`, `updated_at` AS `updatedAt`, `password`, `token` FROM `users` AS `user` LIMIT 1;
2022-07-10 21:15:23,396 INFO 20072 [egg-sequelize](9ms) Executed (default): UPDATE `users` SET `token`=?,`updated_at`=? WHERE `id` = ?
2022-07-10 21:15:28,000 INFO 20072 [egg-sequelize](2ms) Executed (default): SELECT `id`, `user_name` AS `userName`, `nick_name` AS `nickName`, `created_at` AS `createdAt`, `updated_at` AS `updatedAt`, `password`, `token` FROM `users` AS `user` LIMIT 1;
2022-07-10 21:15:28,012 INFO 20072 [egg-sequelize](8ms) Executed (default): UPDATE `users` SET `token`=?,`updated_at`=? WHERE `id` = ?
2022-07-10 21:16:16,533 INFO 6104 [egg-swagger-doc] register router: get /swagger-doc
2022-07-10 21:16:16,566 INFO 6104 [egg-swagger-doc] register router: get /swagger-ui.html
2022-07-10 21:16:16,666 INFO 6104 [egg-sequelize](3ms) Executed (default): SELECT 1+1 AS result
2022-07-10 21:16:18,355 INFO 6104 [egg-sequelize](7ms) Executed (default): SELECT `id`, `user_name` AS `userName`, `nick_name` AS `nickName`, `created_at` AS `createdAt`, `updated_at` AS `updatedAt`, `password`, `token` FROM `users` AS `user` LIMIT 1;
2022-07-10 21:16:18,394 INFO 6104 [egg-sequelize](19ms) Executed (default): UPDATE `users` SET `token`=?,`updated_at`=? WHERE `id` = ?
2022-07-10 21:16:58,177 INFO 6104 [egg-sequelize](3ms) Executed (default): SELECT `id`, `user_name` AS `userName`, `nick_name` AS `nickName`, `created_at` AS `createdAt`, `updated_at` AS `updatedAt`, `password`, `token` FROM `users` AS `user` WHERE `user`.`user_name` = 'along1' LIMIT 1;
2022-07-10 21:16:58,196 INFO 6104 [egg-sequelize](13ms) Executed (default): INSERT INTO `users` (`id`,`user_name`,`nick_name`,`created_at`,`updated_at`,`password`,`token`) VALUES (DEFAULT,?,?,?,?,?,?);
2022-07-10 21:17:41,151 INFO 16552 [egg-swagger-doc] register router: get /swagger-doc
2022-07-10 21:17:41,198 INFO 16552 [egg-swagger-doc] register router: get /swagger-ui.html
2022-07-10 21:17:41,316 INFO 16552 [egg-sequelize](4ms) Executed (default): SELECT 1+1 AS result
2022-07-10 21:17:42,650 INFO 16552 [egg-sequelize](5ms) Executed (default): SELECT `id`, `user_name` AS `userName`, `nick_name` AS `nickName`, `created_at` AS `createdAt`, `updated_at` AS `updatedAt`, `password`, `token` FROM `users` AS `user` WHERE `user`.`user_name` = 'along1' LIMIT 1;
2022-07-10 21:17:48,369 INFO 16552 [egg-sequelize](4ms) Executed (default): SELECT `id`, `user_name` AS `userName`, `nick_name` AS `nickName`, `created_at` AS `createdAt`, `updated_at` AS `updatedAt`, `password`, `token` FROM `users` AS `user` WHERE `user`.`password` = '4QrcOUm6Wau+VuBX8g+IPg==' AND `user`.`user_name` = 'along1' LIMIT 1;
2022-07-10 21:17:48,410 INFO 16552 [egg-sequelize](24ms) Executed (default): UPDATE `users` SET `token`=?,`updated_at`=? WHERE `id` = ?
2022-07-10 21:18:50,643 INFO 5040 [egg-swagger-doc] register router: get /swagger-doc
2022-07-10 21:18:50,677 INFO 5040 [egg-swagger-doc] register router: get /swagger-ui.html
